[0.087s] DEBUG:colcon:Command line arguments: ['/usr/bin/colcon', 'build']
[0.087s] DEBUG:colcon:Parsed command line arguments: Namespace(log_base=None, log_level=None, verb_name='build', build_base='build', install_base='install', merge_install=False, symlink_install=False, test_result_base=None, continue_on_error=False, executor='parallel', parallel_workers=8, event_handlers=None, ignore_user_meta=False, metas=['./colcon.meta'], base_paths=['.'], packages_ignore=None, packages_ignore_regex=None, paths=None, packages_up_to=None, packages_up_to_regex=None, packages_above=None, packages_above_and_dependencies=None, packages_above_depth=None, packages_select_by_dep=None, packages_skip_by_dep=None, packages_skip_up_to=None, packages_select_build_failed=False, packages_skip_build_finished=False, packages_select_test_failures=False, packages_skip_test_passed=False, packages_select=None, packages_skip=None, packages_select_regex=None, packages_skip_regex=None, packages_start=None, packages_end=None, allow_overriding=[], cmake_args=None, cmake_target=None, cmake_target_skip_unavailable=False, cmake_clean_cache=False, cmake_clean_first=False, cmake_force_configure=False, ament_cmake_args=None, catkin_cmake_args=None, catkin_skip_building_tests=False, mixin_files=None, mixin=None, verb_parser=<colcon_mixin.mixin.mixin_argument.MixinArgumentDecorator object at 0x7b8d447429b0>, verb_extension=<colcon_core.verb.build.BuildVerb object at 0x7b8d44742440>, main=<bound method BuildVerb.main of <colcon_core.verb.build.BuildVerb object at 0x7b8d44742440>>, mixin_verb=('build',))
[0.118s] Level 1:colcon.colcon_core.package_discovery:discover_packages(colcon_meta) check parameters
[0.118s] Level 1:colcon.colcon_core.package_discovery:discover_packages(recursive) check parameters
[0.118s] Level 1:colcon.colcon_core.package_discovery:discover_packages(ignore) check parameters
[0.118s] Level 1:colcon.colcon_core.package_discovery:discover_packages(path) check parameters
[0.118s] Level 1:colcon.colcon_core.package_discovery:discover_packages(colcon_meta) discover
[0.118s] Level 1:colcon.colcon_core.package_discovery:discover_packages(recursive) discover
[0.118s] INFO:colcon.colcon_core.package_discovery:Crawling recursively for packages in '/home/bruno/auto_wt_scan_ws'
[0.119s] Level 1:colcon.colcon_core.package_identification:_identify(.) by extensions ['ignore', 'ignore_ament_install']
[0.119s] Level 1:colcon.colcon_core.package_identification:_identify(.) by extension 'ignore'
[0.119s] Level 1:colcon.colcon_core.package_identification:_identify(.) by extension 'ignore_ament_install'
[0.119s] Level 1:colcon.colcon_core.package_identification:_identify(.) by extensions ['colcon_pkg']
[0.119s] Level 1:colcon.colcon_core.package_identification:_identify(.) by extension 'colcon_pkg'
[0.119s] Level 1:colcon.colcon_core.package_identification:_identify(.) by extensions ['colcon_meta']
[0.119s] Level 1:colcon.colcon_core.package_identification:_identify(.) by extension 'colcon_meta'
[0.119s] Level 1:colcon.colcon_core.package_identification:_identify(.) by extensions ['ros']
[0.119s] Level 1:colcon.colcon_core.package_identification:_identify(.) by extension 'ros'
[0.130s] Level 1:colcon.colcon_core.package_identification:_identify(.) by extensions ['cmake', 'python']
[0.130s] Level 1:colcon.colcon_core.package_identification:_identify(.) by extension 'cmake'
[0.131s] Level 1:colcon.colcon_core.package_identification:_identify(.) by extension 'python'
[0.131s] Level 1:colcon.colcon_core.package_identification:_identify(.) by extensions ['python_setup_py']
[0.131s] Level 1:colcon.colcon_core.package_identification:_identify(.) by extension 'python_setup_py'
[0.131s] Level 1:colcon.colcon_core.package_identification:_identify(build) by extensions ['ignore', 'ignore_ament_install']
[0.131s] Level 1:colcon.colcon_core.package_identification:_identify(build) by extension 'ignore'
[0.131s] Level 1:colcon.colcon_core.package_identification:_identify(build) ignored
[0.131s] Level 1:colcon.colcon_core.package_identification:_identify(install) by extensions ['ignore', 'ignore_ament_install']
[0.131s] Level 1:colcon.colcon_core.package_identification:_identify(install) by extension 'ignore'
[0.131s] Level 1:colcon.colcon_core.package_identification:_identify(install) ignored
[0.131s] Level 1:colcon.colcon_core.package_identification:_identify(log) by extensions ['ignore', 'ignore_ament_install']
[0.131s] Level 1:colcon.colcon_core.package_identification:_identify(log) by extension 'ignore'
[0.131s] Level 1:colcon.colcon_core.package_identification:_identify(log) ignored
[0.131s] Level 1:colcon.colcon_core.package_identification:_identify(src) by extensions ['ignore', 'ignore_ament_install']
[0.131s] Level 1:colcon.colcon_core.package_identification:_identify(src) by extension 'ignore'
[0.131s] Level 1:colcon.colcon_core.package_identification:_identify(src) by extension 'ignore_ament_install'
[0.131s] Level 1:colcon.colcon_core.package_identification:_identify(src) by extensions ['colcon_pkg']
[0.131s] Level 1:colcon.colcon_core.package_identification:_identify(src) by extension 'colcon_pkg'
[0.131s] Level 1:colcon.colcon_core.package_identification:_identify(src) by extensions ['colcon_meta']
[0.131s] Level 1:colcon.colcon_core.package_identification:_identify(src) by extension 'colcon_meta'
[0.132s] Level 1:colcon.colcon_core.package_identification:_identify(src) by extensions ['ros']
[0.132s] Level 1:colcon.colcon_core.package_identification:_identify(src) by extension 'ros'
[0.132s] Level 1:colcon.colcon_core.package_identification:_identify(src) by extensions ['cmake', 'python']
[0.132s] Level 1:colcon.colcon_core.package_identification:_identify(src) by extension 'cmake'
[0.132s] Level 1:colcon.colcon_core.package_identification:_identify(src) by extension 'python'
[0.132s] Level 1:colcon.colcon_core.package_identification:_identify(src) by extensions ['python_setup_py']
[0.132s] Level 1:colcon.colcon_core.package_identification:_identify(src) by extension 'python_setup_py'
[0.132s] Level 1:colcon.colcon_core.package_identification:_identify(src/px4_msgs) by extensions ['ignore', 'ignore_ament_install']
[0.132s] Level 1:colcon.colcon_core.package_identification:_identify(src/px4_msgs) by extension 'ignore'
[0.132s] Level 1:colcon.colcon_core.package_identification:_identify(src/px4_msgs) by extension 'ignore_ament_install'
[0.132s] Level 1:colcon.colcon_core.package_identification:_identify(src/px4_msgs) by extensions ['colcon_pkg']
[0.132s] Level 1:colcon.colcon_core.package_identification:_identify(src/px4_msgs) by extension 'colcon_pkg'
[0.132s] Level 1:colcon.colcon_core.package_identification:_identify(src/px4_msgs) by extensions ['colcon_meta']
[0.132s] Level 1:colcon.colcon_core.package_identification:_identify(src/px4_msgs) by extension 'colcon_meta'
[0.132s] Level 1:colcon.colcon_core.package_identification:_identify(src/px4_msgs) by extensions ['ros']
[0.132s] Level 1:colcon.colcon_core.package_identification:_identify(src/px4_msgs) by extension 'ros'
[0.134s] DEBUG:colcon.colcon_core.package_identification:Package 'src/px4_msgs' with type 'ros.ament_cmake' and name 'px4_msgs'
[0.134s] Level 1:colcon.colcon_core.package_identification:_identify(src/px4_ros_com) by extensions ['ignore', 'ignore_ament_install']
[0.134s] Level 1:colcon.colcon_core.package_identification:_identify(src/px4_ros_com) by extension 'ignore'
[0.134s] Level 1:colcon.colcon_core.package_identification:_identify(src/px4_ros_com) by extension 'ignore_ament_install'
[0.134s] Level 1:colcon.colcon_core.package_identification:_identify(src/px4_ros_com) by extensions ['colcon_pkg']
[0.134s] Level 1:colcon.colcon_core.package_identification:_identify(src/px4_ros_com) by extension 'colcon_pkg'
[0.134s] Level 1:colcon.colcon_core.package_identification:_identify(src/px4_ros_com) by extensions ['colcon_meta']
[0.134s] Level 1:colcon.colcon_core.package_identification:_identify(src/px4_ros_com) by extension 'colcon_meta'
[0.134s] Level 1:colcon.colcon_core.package_identification:_identify(src/px4_ros_com) by extensions ['ros']
[0.134s] Level 1:colcon.colcon_core.package_identification:_identify(src/px4_ros_com) by extension 'ros'
[0.135s] DEBUG:colcon.colcon_core.package_identification:Package 'src/px4_ros_com' with type 'ros.ament_cmake' and name 'px4_ros_com'
[0.135s] Level 1:colcon.colcon_core.package_identification:_identify(src/wind_turbine_detection) by extensions ['ignore', 'ignore_ament_install']
[0.135s] Level 1:colcon.colcon_core.package_identification:_identify(src/wind_turbine_detection) by extension 'ignore'
[0.136s] Level 1:colcon.colcon_core.package_identification:_identify(src/wind_turbine_detection) by extension 'ignore_ament_install'
[0.136s] Level 1:colcon.colcon_core.package_identification:_identify(src/wind_turbine_detection) by extensions ['colcon_pkg']
[0.136s] Level 1:colcon.colcon_core.package_identification:_identify(src/wind_turbine_detection) by extension 'colcon_pkg'
[0.136s] Level 1:colcon.colcon_core.package_identification:_identify(src/wind_turbine_detection) by extensions ['colcon_meta']
[0.136s] Level 1:colcon.colcon_core.package_identification:_identify(src/wind_turbine_detection) by extension 'colcon_meta'
[0.136s] Level 1:colcon.colcon_core.package_identification:_identify(src/wind_turbine_detection) by extensions ['ros']
[0.136s] Level 1:colcon.colcon_core.package_identification:_identify(src/wind_turbine_detection) by extension 'ros'
[0.136s] DEBUG:colcon.colcon_core.package_identification:Package 'src/wind_turbine_detection' with type 'ros.ament_python' and name 'wind_turbine_detection'
[0.136s] Level 1:colcon.colcon_core.package_identification:_identify(src/wind_turbine_inspection) by extensions ['ignore', 'ignore_ament_install']
[0.136s] Level 1:colcon.colcon_core.package_identification:_identify(src/wind_turbine_inspection) by extension 'ignore'
[0.137s] Level 1:colcon.colcon_core.package_identification:_identify(src/wind_turbine_inspection) by extension 'ignore_ament_install'
[0.137s] Level 1:colcon.colcon_core.package_identification:_identify(src/wind_turbine_inspection) by extensions ['colcon_pkg']
[0.137s] Level 1:colcon.colcon_core.package_identification:_identify(src/wind_turbine_inspection) by extension 'colcon_pkg'
[0.137s] Level 1:colcon.colcon_core.package_identification:_identify(src/wind_turbine_inspection) by extensions ['colcon_meta']
[0.137s] Level 1:colcon.colcon_core.package_identification:_identify(src/wind_turbine_inspection) by extension 'colcon_meta'
[0.137s] Level 1:colcon.colcon_core.package_identification:_identify(src/wind_turbine_inspection) by extensions ['ros']
[0.137s] Level 1:colcon.colcon_core.package_identification:_identify(src/wind_turbine_inspection) by extension 'ros'
[0.137s] DEBUG:colcon.colcon_core.package_identification:Package 'src/wind_turbine_inspection' with type 'ros.ament_python' and name 'wind_turbine_inspection'
[0.137s] Level 1:colcon.colcon_core.package_discovery:discover_packages(recursive) using defaults
[0.137s] Level 1:colcon.colcon_core.package_discovery:discover_packages(ignore) discover
[0.137s] Level 1:colcon.colcon_core.package_discovery:discover_packages(ignore) using defaults
[0.137s] Level 1:colcon.colcon_core.package_discovery:discover_packages(path) discover
[0.137s] Level 1:colcon.colcon_core.package_discovery:discover_packages(path) using defaults
[0.153s] Level 1:colcon.colcon_core.package_discovery:discover_packages(prefix_path) check parameters
[0.153s] Level 1:colcon.colcon_core.package_discovery:discover_packages(prefix_path) discover
[0.155s] DEBUG:colcon.colcon_installed_package_information.package_discovery:Found 285 installed packages in /opt/ros/humble
[0.156s] Level 1:colcon.colcon_core.package_discovery:discover_packages(prefix_path) using defaults
[0.189s] Level 5:colcon.colcon_core.verb:set package 'px4_msgs' build argument 'cmake_args' from command line to 'None'
[0.190s] Level 5:colcon.colcon_core.verb:set package 'px4_msgs' build argument 'cmake_target' from command line to 'None'
[0.190s] Level 5:colcon.colcon_core.verb:set package 'px4_msgs' build argument 'cmake_target_skip_unavailable' from command line to 'False'
[0.190s] Level 5:colcon.colcon_core.verb:set package 'px4_msgs' build argument 'cmake_clean_cache' from command line to 'False'
[0.190s] Level 5:colcon.colcon_core.verb:set package 'px4_msgs' build argument 'cmake_clean_first' from command line to 'False'
[0.190s] Level 5:colcon.colcon_core.verb:set package 'px4_msgs' build argument 'cmake_force_configure' from command line to 'False'
[0.190s] Level 5:colcon.colcon_core.verb:set package 'px4_msgs' build argument 'ament_cmake_args' from command line to 'None'
[0.190s] Level 5:colcon.colcon_core.verb:set package 'px4_msgs' build argument 'catkin_cmake_args' from command line to 'None'
[0.190s] Level 5:colcon.colcon_core.verb:set package 'px4_msgs' build argument 'catkin_skip_building_tests' from command line to 'False'
[0.190s] DEBUG:colcon.colcon_core.verb:Building package 'px4_msgs' with the following arguments: {'ament_cmake_args': None, 'build_base': '/home/bruno/auto_wt_scan_ws/build/px4_msgs', 'catkin_cmake_args': None, 'catkin_skip_building_tests': False, 'cmake_args': None, 'cmake_clean_cache': False, 'cmake_clean_first': False, 'cmake_force_configure': False, 'cmake_target': None, 'cmake_target_skip_unavailable': False, 'install_base': '/home/bruno/auto_wt_scan_ws/install/px4_msgs', 'merge_install': False, 'path': '/home/bruno/auto_wt_scan_ws/src/px4_msgs', 'symlink_install': False, 'test_result_base': None}
[0.190s] Level 5:colcon.colcon_core.verb:set package 'wind_turbine_detection' build argument 'cmake_args' from command line to 'None'
[0.190s] Level 5:colcon.colcon_core.verb:set package 'wind_turbine_detection' build argument 'cmake_target' from command line to 'None'
[0.190s] Level 5:colcon.colcon_core.verb:set package 'wind_turbine_detection' build argument 'cmake_target_skip_unavailable' from command line to 'False'
[0.190s] Level 5:colcon.colcon_core.verb:set package 'wind_turbine_detection' build argument 'cmake_clean_cache' from command line to 'False'
[0.190s] Level 5:colcon.colcon_core.verb:set package 'wind_turbine_detection' build argument 'cmake_clean_first' from command line to 'False'
[0.190s] Level 5:colcon.colcon_core.verb:set package 'wind_turbine_detection' build argument 'cmake_force_configure' from command line to 'False'
[0.190s] Level 5:colcon.colcon_core.verb:set package 'wind_turbine_detection' build argument 'ament_cmake_args' from command line to 'None'
[0.190s] Level 5:colcon.colcon_core.verb:set package 'wind_turbine_detection' build argument 'catkin_cmake_args' from command line to 'None'
[0.190s] Level 5:colcon.colcon_core.verb:set package 'wind_turbine_detection' build argument 'catkin_skip_building_tests' from command line to 'False'
[0.190s] DEBUG:colcon.colcon_core.verb:Building package 'wind_turbine_detection' with the following arguments: {'ament_cmake_args': None, 'build_base': '/home/bruno/auto_wt_scan_ws/build/wind_turbine_detection', 'catkin_cmake_args': None, 'catkin_skip_building_tests': False, 'cmake_args': None, 'cmake_clean_cache': False, 'cmake_clean_first': False, 'cmake_force_configure': False, 'cmake_target': None, 'cmake_target_skip_unavailable': False, 'install_base': '/home/bruno/auto_wt_scan_ws/install/wind_turbine_detection', 'merge_install': False, 'path': '/home/bruno/auto_wt_scan_ws/src/wind_turbine_detection', 'symlink_install': False, 'test_result_base': None}
[0.190s] Level 5:colcon.colcon_core.verb:set package 'wind_turbine_inspection' build argument 'cmake_args' from command line to 'None'
[0.191s] Level 5:colcon.colcon_core.verb:set package 'wind_turbine_inspection' build argument 'cmake_target' from command line to 'None'
[0.191s] Level 5:colcon.colcon_core.verb:set package 'wind_turbine_inspection' build argument 'cmake_target_skip_unavailable' from command line to 'False'
[0.191s] Level 5:colcon.colcon_core.verb:set package 'wind_turbine_inspection' build argument 'cmake_clean_cache' from command line to 'False'
[0.191s] Level 5:colcon.colcon_core.verb:set package 'wind_turbine_inspection' build argument 'cmake_clean_first' from command line to 'False'
[0.191s] Level 5:colcon.colcon_core.verb:set package 'wind_turbine_inspection' build argument 'cmake_force_configure' from command line to 'False'
[0.191s] Level 5:colcon.colcon_core.verb:set package 'wind_turbine_inspection' build argument 'ament_cmake_args' from command line to 'None'
[0.191s] Level 5:colcon.colcon_core.verb:set package 'wind_turbine_inspection' build argument 'catkin_cmake_args' from command line to 'None'
[0.191s] Level 5:colcon.colcon_core.verb:set package 'wind_turbine_inspection' build argument 'catkin_skip_building_tests' from command line to 'False'
[0.191s] DEBUG:colcon.colcon_core.verb:Building package 'wind_turbine_inspection' with the following arguments: {'ament_cmake_args': None, 'build_base': '/home/bruno/auto_wt_scan_ws/build/wind_turbine_inspection', 'catkin_cmake_args': None, 'catkin_skip_building_tests': False, 'cmake_args': None, 'cmake_clean_cache': False, 'cmake_clean_first': False, 'cmake_force_configure': False, 'cmake_target': None, 'cmake_target_skip_unavailable': False, 'install_base': '/home/bruno/auto_wt_scan_ws/install/wind_turbine_inspection', 'merge_install': False, 'path': '/home/bruno/auto_wt_scan_ws/src/wind_turbine_inspection', 'symlink_install': False, 'test_result_base': None}
[0.191s] Level 5:colcon.colcon_core.verb:set package 'px4_ros_com' build argument 'cmake_args' from command line to 'None'
[0.191s] Level 5:colcon.colcon_core.verb:set package 'px4_ros_com' build argument 'cmake_target' from command line to 'None'
[0.191s] Level 5:colcon.colcon_core.verb:set package 'px4_ros_com' build argument 'cmake_target_skip_unavailable' from command line to 'False'
[0.191s] Level 5:colcon.colcon_core.verb:set package 'px4_ros_com' build argument 'cmake_clean_cache' from command line to 'False'
[0.191s] Level 5:colcon.colcon_core.verb:set package 'px4_ros_com' build argument 'cmake_clean_first' from command line to 'False'
[0.191s] Level 5:colcon.colcon_core.verb:set package 'px4_ros_com' build argument 'cmake_force_configure' from command line to 'False'
[0.191s] Level 5:colcon.colcon_core.verb:set package 'px4_ros_com' build argument 'ament_cmake_args' from command line to 'None'
[0.191s] Level 5:colcon.colcon_core.verb:set package 'px4_ros_com' build argument 'catkin_cmake_args' from command line to 'None'
[0.191s] Level 5:colcon.colcon_core.verb:set package 'px4_ros_com' build argument 'catkin_skip_building_tests' from command line to 'False'
[0.191s] DEBUG:colcon.colcon_core.verb:Building package 'px4_ros_com' with the following arguments: {'ament_cmake_args': None, 'build_base': '/home/bruno/auto_wt_scan_ws/build/px4_ros_com', 'catkin_cmake_args': None, 'catkin_skip_building_tests': False, 'cmake_args': None, 'cmake_clean_cache': False, 'cmake_clean_first': False, 'cmake_force_configure': False, 'cmake_target': None, 'cmake_target_skip_unavailable': False, 'install_base': '/home/bruno/auto_wt_scan_ws/install/px4_ros_com', 'merge_install': False, 'path': '/home/bruno/auto_wt_scan_ws/src/px4_ros_com', 'symlink_install': False, 'test_result_base': None}
[0.191s] INFO:colcon.colcon_core.executor:Executing jobs using 'parallel' executor
[0.192s] DEBUG:colcon.colcon_parallel_executor.executor.parallel:run_until_complete
[0.193s] INFO:colcon.colcon_ros.task.ament_cmake.build:Building ROS package in '/home/bruno/auto_wt_scan_ws/src/px4_msgs' with build type 'ament_cmake'
[0.193s] INFO:colcon.colcon_cmake.task.cmake.build:Building CMake package in '/home/bruno/auto_wt_scan_ws/src/px4_msgs'
[0.195s] INFO:colcon.colcon_core.plugin_system:Skipping extension 'colcon_core.shell.bat': Not used on non-Windows systems
[0.195s] INFO:colcon.colcon_core.shell:Skip shell extension 'powershell' for command environment: Not usable outside of PowerShell
[0.195s] DEBUG:colcon.colcon_core.shell:Skip shell extension 'dsv' for command environment
[0.198s] INFO:colcon.colcon_ros.task.ament_python.build:Building ROS package in '/home/bruno/auto_wt_scan_ws/src/wind_turbine_detection' with build type 'ament_python'
[0.198s] Level 1:colcon.colcon_core.shell:create_environment_hook('wind_turbine_detection', 'ament_prefix_path')
[0.198s] INFO:colcon.colcon_core.shell:Creating environment hook '/home/bruno/auto_wt_scan_ws/install/wind_turbine_detection/share/wind_turbine_detection/hook/ament_prefix_path.ps1'
[0.199s] INFO:colcon.colcon_core.shell:Creating environment descriptor '/home/bruno/auto_wt_scan_ws/install/wind_turbine_detection/share/wind_turbine_detection/hook/ament_prefix_path.dsv'
[0.199s] INFO:colcon.colcon_core.shell:Creating environment hook '/home/bruno/auto_wt_scan_ws/install/wind_turbine_detection/share/wind_turbine_detection/hook/ament_prefix_path.sh'
[0.200s] INFO:colcon.colcon_core.shell:Skip shell extension 'powershell' for command environment: Not usable outside of PowerShell
[0.200s] DEBUG:colcon.colcon_core.shell:Skip shell extension 'dsv' for command environment
[0.202s] INFO:colcon.colcon_ros.task.ament_python.build:Building ROS package in '/home/bruno/auto_wt_scan_ws/src/wind_turbine_inspection' with build type 'ament_python'
[0.202s] Level 1:colcon.colcon_core.shell:create_environment_hook('wind_turbine_inspection', 'ament_prefix_path')
[0.202s] INFO:colcon.colcon_core.shell:Creating environment hook '/home/bruno/auto_wt_scan_ws/install/wind_turbine_inspection/share/wind_turbine_inspection/hook/ament_prefix_path.ps1'
[0.203s] INFO:colcon.colcon_core.shell:Creating environment descriptor '/home/bruno/auto_wt_scan_ws/install/wind_turbine_inspection/share/wind_turbine_inspection/hook/ament_prefix_path.dsv'
[0.203s] INFO:colcon.colcon_core.shell:Creating environment hook '/home/bruno/auto_wt_scan_ws/install/wind_turbine_inspection/share/wind_turbine_inspection/hook/ament_prefix_path.sh'
[0.204s] INFO:colcon.colcon_core.shell:Skip shell extension 'powershell' for command environment: Not usable outside of PowerShell
[0.204s] DEBUG:colcon.colcon_core.shell:Skip shell extension 'dsv' for command environment
[0.212s] DEBUG:colcon.colcon_core.event_handler.log_command:Invoking command in '/home/bruno/auto_wt_scan_ws/build/px4_msgs': CMAKE_PREFIX_PATH=/opt/ros/humble /usr/bin/cmake --build /home/bruno/auto_wt_scan_ws/build/px4_msgs -- -j8 -l8
[0.398s] INFO:colcon.colcon_core.task.python.build:Building Python package in '/home/bruno/auto_wt_scan_ws/src/wind_turbine_detection'
[0.399s] INFO:colcon.colcon_core.shell:Skip shell extension 'powershell' for command environment: Not usable outside of PowerShell
[0.399s] DEBUG:colcon.colcon_core.shell:Skip shell extension 'dsv' for command environment
[0.583s] INFO:colcon.colcon_core.task.python.build:Building Python package in '/home/bruno/auto_wt_scan_ws/src/wind_turbine_inspection'
[0.583s] INFO:colcon.colcon_core.shell:Skip shell extension 'powershell' for command environment: Not usable outside of PowerShell
[0.583s] DEBUG:colcon.colcon_core.shell:Skip shell extension 'dsv' for command environment
[1.097s] DEBUG:colcon.colcon_core.event_handler.log_command:Invoking command in '/home/bruno/auto_wt_scan_ws/src/wind_turbine_detection': PYTHONPATH=/home/bruno/auto_wt_scan_ws/build/wind_turbine_detection/prefix_override:/home/bruno/auto_wt_scan_ws/install/wind_turbine_detection/lib/python3.10/site-packages:${PYTHONPATH} /usr/bin/python3 -W ignore:setup.py install is deprecated setup.py egg_info --egg-base ../../build/wind_turbine_detection build --build-base /home/bruno/auto_wt_scan_ws/build/wind_turbine_detection/build install --record /home/bruno/auto_wt_scan_ws/build/wind_turbine_detection/install.log --single-version-externally-managed install_data
[1.211s] DEBUG:colcon.colcon_core.event_handler.log_command:Invoking command in '/home/bruno/auto_wt_scan_ws/src/wind_turbine_inspection': PYTHONPATH=/home/bruno/auto_wt_scan_ws/build/wind_turbine_inspection/prefix_override:/home/bruno/auto_wt_scan_ws/install/wind_turbine_inspection/lib/python3.10/site-packages:${PYTHONPATH} /usr/bin/python3 -W ignore:setup.py install is deprecated setup.py egg_info --egg-base ../../build/wind_turbine_inspection build --build-base /home/bruno/auto_wt_scan_ws/build/wind_turbine_inspection/build install --record /home/bruno/auto_wt_scan_ws/build/wind_turbine_inspection/install.log --single-version-externally-managed install_data
[1.535s] DEBUG:colcon.colcon_core.event_handler.log_command:Invoked command in '/home/bruno/auto_wt_scan_ws/src/wind_turbine_detection' returned '0': PYTHONPATH=/home/bruno/auto_wt_scan_ws/build/wind_turbine_detection/prefix_override:/home/bruno/auto_wt_scan_ws/install/wind_turbine_detection/lib/python3.10/site-packages:${PYTHONPATH} /usr/bin/python3 -W ignore:setup.py install is deprecated setup.py egg_info --egg-base ../../build/wind_turbine_detection build --build-base /home/bruno/auto_wt_scan_ws/build/wind_turbine_detection/build install --record /home/bruno/auto_wt_scan_ws/build/wind_turbine_detection/install.log --single-version-externally-managed install_data
[1.537s] Level 1:colcon.colcon_core.environment:checking '/home/bruno/auto_wt_scan_ws/install/wind_turbine_detection' for CMake module files
[1.538s] Level 1:colcon.colcon_core.environment:checking '/home/bruno/auto_wt_scan_ws/install/wind_turbine_detection' for CMake config files
[1.539s] Level 1:colcon.colcon_core.environment:checking '/home/bruno/auto_wt_scan_ws/install/wind_turbine_detection/lib'
[1.539s] Level 1:colcon.colcon_core.environment:checking '/home/bruno/auto_wt_scan_ws/install/wind_turbine_detection/bin'
[1.539s] Level 1:colcon.colcon_core.environment:checking '/home/bruno/auto_wt_scan_ws/install/wind_turbine_detection/lib/pkgconfig/wind_turbine_detection.pc'
[1.539s] Level 1:colcon.colcon_core.environment:checking '/home/bruno/auto_wt_scan_ws/install/wind_turbine_detection/lib/python3.10/site-packages'
[1.539s] Level 1:colcon.colcon_core.shell:create_environment_hook('wind_turbine_detection', 'pythonpath')
[1.540s] INFO:colcon.colcon_core.shell:Creating environment hook '/home/bruno/auto_wt_scan_ws/install/wind_turbine_detection/share/wind_turbine_detection/hook/pythonpath.ps1'
[1.540s] INFO:colcon.colcon_core.shell:Creating environment descriptor '/home/bruno/auto_wt_scan_ws/install/wind_turbine_detection/share/wind_turbine_detection/hook/pythonpath.dsv'
[1.540s] INFO:colcon.colcon_core.shell:Creating environment hook '/home/bruno/auto_wt_scan_ws/install/wind_turbine_detection/share/wind_turbine_detection/hook/pythonpath.sh'
[1.541s] Level 1:colcon.colcon_core.environment:checking '/home/bruno/auto_wt_scan_ws/install/wind_turbine_detection/bin'
[1.541s] Level 1:colcon.colcon_core.environment:create_environment_scripts_only(wind_turbine_detection)
[1.541s] INFO:colcon.colcon_core.shell:Creating package script '/home/bruno/auto_wt_scan_ws/install/wind_turbine_detection/share/wind_turbine_detection/package.ps1'
[1.542s] INFO:colcon.colcon_core.shell:Creating package descriptor '/home/bruno/auto_wt_scan_ws/install/wind_turbine_detection/share/wind_turbine_detection/package.dsv'
[1.543s] INFO:colcon.colcon_core.shell:Creating package script '/home/bruno/auto_wt_scan_ws/install/wind_turbine_detection/share/wind_turbine_detection/package.sh'
[1.544s] INFO:colcon.colcon_core.shell:Creating package script '/home/bruno/auto_wt_scan_ws/install/wind_turbine_detection/share/wind_turbine_detection/package.bash'
[1.545s] INFO:colcon.colcon_core.shell:Creating package script '/home/bruno/auto_wt_scan_ws/install/wind_turbine_detection/share/wind_turbine_detection/package.zsh'
[1.546s] Level 1:colcon.colcon_core.environment:create_file_with_runtime_dependencies(/home/bruno/auto_wt_scan_ws/install/wind_turbine_detection/share/colcon-core/packages/wind_turbine_detection)
[1.722s] Level 1:colcon.colcon_core.environment:checking '/home/bruno/auto_wt_scan_ws/install/wind_turbine_inspection' for CMake module files
[1.722s] DEBUG:colcon.colcon_core.event_handler.log_command:Invoked command in '/home/bruno/auto_wt_scan_ws/src/wind_turbine_inspection' returned '0': PYTHONPATH=/home/bruno/auto_wt_scan_ws/build/wind_turbine_inspection/prefix_override:/home/bruno/auto_wt_scan_ws/install/wind_turbine_inspection/lib/python3.10/site-packages:${PYTHONPATH} /usr/bin/python3 -W ignore:setup.py install is deprecated setup.py egg_info --egg-base ../../build/wind_turbine_inspection build --build-base /home/bruno/auto_wt_scan_ws/build/wind_turbine_inspection/build install --record /home/bruno/auto_wt_scan_ws/build/wind_turbine_inspection/install.log --single-version-externally-managed install_data
[1.722s] Level 1:colcon.colcon_core.environment:checking '/home/bruno/auto_wt_scan_ws/install/wind_turbine_inspection' for CMake config files
[1.723s] Level 1:colcon.colcon_core.environment:checking '/home/bruno/auto_wt_scan_ws/install/wind_turbine_inspection/lib'
[1.723s] Level 1:colcon.colcon_core.environment:checking '/home/bruno/auto_wt_scan_ws/install/wind_turbine_inspection/bin'
[1.723s] Level 1:colcon.colcon_core.environment:checking '/home/bruno/auto_wt_scan_ws/install/wind_turbine_inspection/lib/pkgconfig/wind_turbine_inspection.pc'
[1.723s] Level 1:colcon.colcon_core.environment:checking '/home/bruno/auto_wt_scan_ws/install/wind_turbine_inspection/lib/python3.10/site-packages'
[1.723s] Level 1:colcon.colcon_core.shell:create_environment_hook('wind_turbine_inspection', 'pythonpath')
[1.723s] INFO:colcon.colcon_core.shell:Creating environment hook '/home/bruno/auto_wt_scan_ws/install/wind_turbine_inspection/share/wind_turbine_inspection/hook/pythonpath.ps1'
[1.724s] INFO:colcon.colcon_core.shell:Creating environment descriptor '/home/bruno/auto_wt_scan_ws/install/wind_turbine_inspection/share/wind_turbine_inspection/hook/pythonpath.dsv'
[1.724s] INFO:colcon.colcon_core.shell:Creating environment hook '/home/bruno/auto_wt_scan_ws/install/wind_turbine_inspection/share/wind_turbine_inspection/hook/pythonpath.sh'
[1.724s] Level 1:colcon.colcon_core.environment:checking '/home/bruno/auto_wt_scan_ws/install/wind_turbine_inspection/bin'
[1.724s] Level 1:colcon.colcon_core.environment:create_environment_scripts_only(wind_turbine_inspection)
[1.725s] INFO:colcon.colcon_core.shell:Creating package script '/home/bruno/auto_wt_scan_ws/install/wind_turbine_inspection/share/wind_turbine_inspection/package.ps1'
[1.725s] INFO:colcon.colcon_core.shell:Creating package descriptor '/home/bruno/auto_wt_scan_ws/install/wind_turbine_inspection/share/wind_turbine_inspection/package.dsv'
[1.725s] INFO:colcon.colcon_core.shell:Creating package script '/home/bruno/auto_wt_scan_ws/install/wind_turbine_inspection/share/wind_turbine_inspection/package.sh'
[1.726s] INFO:colcon.colcon_core.shell:Creating package script '/home/bruno/auto_wt_scan_ws/install/wind_turbine_inspection/share/wind_turbine_inspection/package.bash'
[1.726s] INFO:colcon.colcon_core.shell:Creating package script '/home/bruno/auto_wt_scan_ws/install/wind_turbine_inspection/share/wind_turbine_inspection/package.zsh'
[1.726s] Level 1:colcon.colcon_core.environment:create_file_with_runtime_dependencies(/home/bruno/auto_wt_scan_ws/install/wind_turbine_inspection/share/colcon-core/packages/wind_turbine_inspection)
[207.875s] DEBUG:colcon.colcon_core.event_handler.log_command:Invoked command in '/home/bruno/auto_wt_scan_ws/build/px4_msgs' returned '0': CMAKE_PREFIX_PATH=/opt/ros/humble /usr/bin/cmake --build /home/bruno/auto_wt_scan_ws/build/px4_msgs -- -j8 -l8
[211.646s] DEBUG:colcon.colcon_core.event_handler.log_command:Invoking command in '/home/bruno/auto_wt_scan_ws/build/px4_msgs': CMAKE_PREFIX_PATH=/opt/ros/humble /usr/bin/cmake --install /home/bruno/auto_wt_scan_ws/build/px4_msgs
[212.770s] Level 1:colcon.colcon_core.environment:create_environment_scripts_only(px4_msgs)
[212.770s] Level 1:colcon.colcon_core.environment:checking '/home/bruno/auto_wt_scan_ws/install/px4_msgs' for CMake module files
[212.770s] DEBUG:colcon.colcon_core.event_handler.log_command:Invoked command in '/home/bruno/auto_wt_scan_ws/build/px4_msgs' returned '0': CMAKE_PREFIX_PATH=/opt/ros/humble /usr/bin/cmake --install /home/bruno/auto_wt_scan_ws/build/px4_msgs
[212.771s] Level 1:colcon.colcon_core.environment:checking '/home/bruno/auto_wt_scan_ws/install/px4_msgs' for CMake config files
[212.771s] Level 1:colcon.colcon_core.shell:create_environment_hook('px4_msgs', 'cmake_prefix_path')
[212.771s] INFO:colcon.colcon_core.shell:Creating environment hook '/home/bruno/auto_wt_scan_ws/install/px4_msgs/share/px4_msgs/hook/cmake_prefix_path.ps1'
[212.772s] INFO:colcon.colcon_core.shell:Creating environment descriptor '/home/bruno/auto_wt_scan_ws/install/px4_msgs/share/px4_msgs/hook/cmake_prefix_path.dsv'
[212.772s] INFO:colcon.colcon_core.shell:Creating environment hook '/home/bruno/auto_wt_scan_ws/install/px4_msgs/share/px4_msgs/hook/cmake_prefix_path.sh'
[212.772s] Level 1:colcon.colcon_core.environment:checking '/home/bruno/auto_wt_scan_ws/install/px4_msgs/lib'
[212.772s] Level 1:colcon.colcon_core.shell:create_environment_hook('px4_msgs', 'ld_library_path_lib')
[212.773s] INFO:colcon.colcon_core.shell:Creating environment hook '/home/bruno/auto_wt_scan_ws/install/px4_msgs/share/px4_msgs/hook/ld_library_path_lib.ps1'
[212.773s] INFO:colcon.colcon_core.shell:Creating environment descriptor '/home/bruno/auto_wt_scan_ws/install/px4_msgs/share/px4_msgs/hook/ld_library_path_lib.dsv'
[212.773s] INFO:colcon.colcon_core.shell:Creating environment hook '/home/bruno/auto_wt_scan_ws/install/px4_msgs/share/px4_msgs/hook/ld_library_path_lib.sh'
[212.773s] Level 1:colcon.colcon_core.environment:checking '/home/bruno/auto_wt_scan_ws/install/px4_msgs/bin'
[212.773s] Level 1:colcon.colcon_core.environment:checking '/home/bruno/auto_wt_scan_ws/install/px4_msgs/lib/pkgconfig/px4_msgs.pc'
[212.773s] Level 1:colcon.colcon_core.environment:checking '/home/bruno/auto_wt_scan_ws/install/px4_msgs/lib/python3.10/site-packages'
[212.774s] Level 1:colcon.colcon_core.environment:checking '/home/bruno/auto_wt_scan_ws/install/px4_msgs/bin'
[212.774s] INFO:colcon.colcon_core.shell:Creating package script '/home/bruno/auto_wt_scan_ws/install/px4_msgs/share/px4_msgs/package.ps1'
[212.774s] INFO:colcon.colcon_core.shell:Creating package descriptor '/home/bruno/auto_wt_scan_ws/install/px4_msgs/share/px4_msgs/package.dsv'
[212.774s] INFO:colcon.colcon_core.shell:Creating package script '/home/bruno/auto_wt_scan_ws/install/px4_msgs/share/px4_msgs/package.sh'
[212.775s] INFO:colcon.colcon_core.shell:Creating package script '/home/bruno/auto_wt_scan_ws/install/px4_msgs/share/px4_msgs/package.bash'
[212.775s] INFO:colcon.colcon_core.shell:Creating package script '/home/bruno/auto_wt_scan_ws/install/px4_msgs/share/px4_msgs/package.zsh'
[212.775s] Level 1:colcon.colcon_core.environment:create_file_with_runtime_dependencies(/home/bruno/auto_wt_scan_ws/install/px4_msgs/share/colcon-core/packages/px4_msgs)
[216.515s] Level 1:colcon.colcon_core.environment:create_environment_scripts_only(px4_msgs)
[216.515s] Level 1:colcon.colcon_core.environment:checking '/home/bruno/auto_wt_scan_ws/install/px4_msgs' for CMake module files
[216.515s] Level 1:colcon.colcon_core.environment:checking '/home/bruno/auto_wt_scan_ws/install/px4_msgs' for CMake config files
[216.516s] Level 1:colcon.colcon_core.shell:create_environment_hook('px4_msgs', 'cmake_prefix_path')
[216.516s] INFO:colcon.colcon_core.shell:Creating environment hook '/home/bruno/auto_wt_scan_ws/install/px4_msgs/share/px4_msgs/hook/cmake_prefix_path.ps1'
[216.516s] INFO:colcon.colcon_core.shell:Creating environment descriptor '/home/bruno/auto_wt_scan_ws/install/px4_msgs/share/px4_msgs/hook/cmake_prefix_path.dsv'
[216.516s] INFO:colcon.colcon_core.shell:Creating environment hook '/home/bruno/auto_wt_scan_ws/install/px4_msgs/share/px4_msgs/hook/cmake_prefix_path.sh'
[216.517s] Level 1:colcon.colcon_core.environment:checking '/home/bruno/auto_wt_scan_ws/install/px4_msgs/lib'
[216.517s] Level 1:colcon.colcon_core.shell:create_environment_hook('px4_msgs', 'ld_library_path_lib')
[216.517s] INFO:colcon.colcon_core.shell:Creating environment hook '/home/bruno/auto_wt_scan_ws/install/px4_msgs/share/px4_msgs/hook/ld_library_path_lib.ps1'
[216.517s] INFO:colcon.colcon_core.shell:Creating environment descriptor '/home/bruno/auto_wt_scan_ws/install/px4_msgs/share/px4_msgs/hook/ld_library_path_lib.dsv'
[216.517s] INFO:colcon.colcon_core.shell:Creating environment hook '/home/bruno/auto_wt_scan_ws/install/px4_msgs/share/px4_msgs/hook/ld_library_path_lib.sh'
[216.518s] Level 1:colcon.colcon_core.environment:checking '/home/bruno/auto_wt_scan_ws/install/px4_msgs/bin'
[216.518s] Level 1:colcon.colcon_core.environment:checking '/home/bruno/auto_wt_scan_ws/install/px4_msgs/lib/pkgconfig/px4_msgs.pc'
[216.518s] Level 1:colcon.colcon_core.environment:checking '/home/bruno/auto_wt_scan_ws/install/px4_msgs/lib/python3.10/site-packages'
[216.518s] Level 1:colcon.colcon_core.environment:checking '/home/bruno/auto_wt_scan_ws/install/px4_msgs/bin'
[216.518s] INFO:colcon.colcon_core.shell:Creating package script '/home/bruno/auto_wt_scan_ws/install/px4_msgs/share/px4_msgs/package.ps1'
[216.519s] INFO:colcon.colcon_core.shell:Creating package descriptor '/home/bruno/auto_wt_scan_ws/install/px4_msgs/share/px4_msgs/package.dsv'
[216.519s] INFO:colcon.colcon_core.shell:Creating package script '/home/bruno/auto_wt_scan_ws/install/px4_msgs/share/px4_msgs/package.sh'
[216.519s] INFO:colcon.colcon_core.shell:Creating package script '/home/bruno/auto_wt_scan_ws/install/px4_msgs/share/px4_msgs/package.bash'
[216.519s] INFO:colcon.colcon_core.shell:Creating package script '/home/bruno/auto_wt_scan_ws/install/px4_msgs/share/px4_msgs/package.zsh'
[216.520s] Level 1:colcon.colcon_core.environment:create_file_with_runtime_dependencies(/home/bruno/auto_wt_scan_ws/install/px4_msgs/share/colcon-core/packages/px4_msgs)
[216.520s] INFO:colcon.colcon_ros.task.ament_cmake.build:Building ROS package in '/home/bruno/auto_wt_scan_ws/src/px4_ros_com' with build type 'ament_cmake'
[216.520s] INFO:colcon.colcon_cmake.task.cmake.build:Building CMake package in '/home/bruno/auto_wt_scan_ws/src/px4_ros_com'
[216.520s] INFO:colcon.colcon_core.shell:Skip shell extension 'powershell' for command environment: Not usable outside of PowerShell
[216.520s] DEBUG:colcon.colcon_core.shell:Skip shell extension 'dsv' for command environment
[216.527s] DEBUG:colcon.colcon_core.event_handler.log_command:Invoking command in '/home/bruno/auto_wt_scan_ws/build/px4_ros_com': AMENT_PREFIX_PATH=/home/bruno/auto_wt_scan_ws/install/px4_msgs:${AMENT_PREFIX_PATH} CMAKE_PREFIX_PATH=/home/bruno/auto_wt_scan_ws/install/px4_msgs:/opt/ros/humble LD_LIBRARY_PATH=/home/bruno/auto_wt_scan_ws/install/px4_msgs/lib:${LD_LIBRARY_PATH} PYTHONPATH=/home/bruno/auto_wt_scan_ws/install/px4_msgs/local/lib/python3.10/dist-packages:${PYTHONPATH} /usr/bin/cmake /home/bruno/auto_wt_scan_ws/src/px4_ros_com -DCMAKE_INSTALL_PREFIX=/home/bruno/auto_wt_scan_ws/install/px4_ros_com
[218.173s] DEBUG:colcon.colcon_core.event_handler.log_command:Invoked command in '/home/bruno/auto_wt_scan_ws/build/px4_ros_com' returned '0': AMENT_PREFIX_PATH=/home/bruno/auto_wt_scan_ws/install/px4_msgs:${AMENT_PREFIX_PATH} CMAKE_PREFIX_PATH=/home/bruno/auto_wt_scan_ws/install/px4_msgs:/opt/ros/humble LD_LIBRARY_PATH=/home/bruno/auto_wt_scan_ws/install/px4_msgs/lib:${LD_LIBRARY_PATH} PYTHONPATH=/home/bruno/auto_wt_scan_ws/install/px4_msgs/local/lib/python3.10/dist-packages:${PYTHONPATH} /usr/bin/cmake /home/bruno/auto_wt_scan_ws/src/px4_ros_com -DCMAKE_INSTALL_PREFIX=/home/bruno/auto_wt_scan_ws/install/px4_ros_com
[218.174s] DEBUG:colcon.colcon_core.event_handler.log_command:Invoking command in '/home/bruno/auto_wt_scan_ws/build/px4_ros_com': AMENT_PREFIX_PATH=/home/bruno/auto_wt_scan_ws/install/px4_msgs:${AMENT_PREFIX_PATH} CMAKE_PREFIX_PATH=/home/bruno/auto_wt_scan_ws/install/px4_msgs:/opt/ros/humble LD_LIBRARY_PATH=/home/bruno/auto_wt_scan_ws/install/px4_msgs/lib:${LD_LIBRARY_PATH} PYTHONPATH=/home/bruno/auto_wt_scan_ws/install/px4_msgs/local/lib/python3.10/dist-packages:${PYTHONPATH} /usr/bin/cmake --build /home/bruno/auto_wt_scan_ws/build/px4_ros_com -- -j8 -l8
[227.981s] DEBUG:colcon.colcon_core.event_handler.log_command:Invoked command in '/home/bruno/auto_wt_scan_ws/build/px4_ros_com' returned '0': AMENT_PREFIX_PATH=/home/bruno/auto_wt_scan_ws/install/px4_msgs:${AMENT_PREFIX_PATH} CMAKE_PREFIX_PATH=/home/bruno/auto_wt_scan_ws/install/px4_msgs:/opt/ros/humble LD_LIBRARY_PATH=/home/bruno/auto_wt_scan_ws/install/px4_msgs/lib:${LD_LIBRARY_PATH} PYTHONPATH=/home/bruno/auto_wt_scan_ws/install/px4_msgs/local/lib/python3.10/dist-packages:${PYTHONPATH} /usr/bin/cmake --build /home/bruno/auto_wt_scan_ws/build/px4_ros_com -- -j8 -l8
[228.015s] DEBUG:colcon.colcon_core.event_handler.log_command:Invoking command in '/home/bruno/auto_wt_scan_ws/build/px4_ros_com': AMENT_PREFIX_PATH=/home/bruno/auto_wt_scan_ws/install/px4_msgs:${AMENT_PREFIX_PATH} CMAKE_PREFIX_PATH=/home/bruno/auto_wt_scan_ws/install/px4_msgs:/opt/ros/humble LD_LIBRARY_PATH=/home/bruno/auto_wt_scan_ws/install/px4_msgs/lib:${LD_LIBRARY_PATH} PYTHONPATH=/home/bruno/auto_wt_scan_ws/install/px4_msgs/local/lib/python3.10/dist-packages:${PYTHONPATH} /usr/bin/cmake --install /home/bruno/auto_wt_scan_ws/build/px4_ros_com
[228.070s] Level 1:colcon.colcon_core.environment:create_environment_scripts_only(px4_ros_com)
[228.070s] Level 1:colcon.colcon_core.environment:checking '/home/bruno/auto_wt_scan_ws/install/px4_ros_com' for CMake module files
[228.070s] DEBUG:colcon.colcon_core.event_handler.log_command:Invoked command in '/home/bruno/auto_wt_scan_ws/build/px4_ros_com' returned '0': AMENT_PREFIX_PATH=/home/bruno/auto_wt_scan_ws/install/px4_msgs:${AMENT_PREFIX_PATH} CMAKE_PREFIX_PATH=/home/bruno/auto_wt_scan_ws/install/px4_msgs:/opt/ros/humble LD_LIBRARY_PATH=/home/bruno/auto_wt_scan_ws/install/px4_msgs/lib:${LD_LIBRARY_PATH} PYTHONPATH=/home/bruno/auto_wt_scan_ws/install/px4_msgs/local/lib/python3.10/dist-packages:${PYTHONPATH} /usr/bin/cmake --install /home/bruno/auto_wt_scan_ws/build/px4_ros_com
[228.071s] Level 1:colcon.colcon_core.environment:checking '/home/bruno/auto_wt_scan_ws/install/px4_ros_com' for CMake config files
[228.071s] Level 1:colcon.colcon_core.shell:create_environment_hook('px4_ros_com', 'cmake_prefix_path')
[228.071s] INFO:colcon.colcon_core.shell:Creating environment hook '/home/bruno/auto_wt_scan_ws/install/px4_ros_com/share/px4_ros_com/hook/cmake_prefix_path.ps1'
[228.071s] INFO:colcon.colcon_core.shell:Creating environment descriptor '/home/bruno/auto_wt_scan_ws/install/px4_ros_com/share/px4_ros_com/hook/cmake_prefix_path.dsv'
[228.071s] INFO:colcon.colcon_core.shell:Creating environment hook '/home/bruno/auto_wt_scan_ws/install/px4_ros_com/share/px4_ros_com/hook/cmake_prefix_path.sh'
[228.072s] Level 1:colcon.colcon_core.environment:checking '/home/bruno/auto_wt_scan_ws/install/px4_ros_com/lib'
[228.072s] Level 1:colcon.colcon_core.shell:create_environment_hook('px4_ros_com', 'ld_library_path_lib')
[228.072s] INFO:colcon.colcon_core.shell:Creating environment hook '/home/bruno/auto_wt_scan_ws/install/px4_ros_com/share/px4_ros_com/hook/ld_library_path_lib.ps1'
[228.072s] INFO:colcon.colcon_core.shell:Creating environment descriptor '/home/bruno/auto_wt_scan_ws/install/px4_ros_com/share/px4_ros_com/hook/ld_library_path_lib.dsv'
[228.072s] INFO:colcon.colcon_core.shell:Creating environment hook '/home/bruno/auto_wt_scan_ws/install/px4_ros_com/share/px4_ros_com/hook/ld_library_path_lib.sh'
[228.073s] Level 1:colcon.colcon_core.environment:checking '/home/bruno/auto_wt_scan_ws/install/px4_ros_com/bin'
[228.073s] Level 1:colcon.colcon_core.environment:checking '/home/bruno/auto_wt_scan_ws/install/px4_ros_com/lib/pkgconfig/px4_ros_com.pc'
[228.073s] Level 1:colcon.colcon_core.environment:checking '/home/bruno/auto_wt_scan_ws/install/px4_ros_com/lib/python3.10/site-packages'
[228.073s] Level 1:colcon.colcon_core.environment:checking '/home/bruno/auto_wt_scan_ws/install/px4_ros_com/bin'
[228.073s] INFO:colcon.colcon_core.shell:Creating package script '/home/bruno/auto_wt_scan_ws/install/px4_ros_com/share/px4_ros_com/package.ps1'
[228.074s] INFO:colcon.colcon_core.shell:Creating package descriptor '/home/bruno/auto_wt_scan_ws/install/px4_ros_com/share/px4_ros_com/package.dsv'
[228.074s] INFO:colcon.colcon_core.shell:Creating package script '/home/bruno/auto_wt_scan_ws/install/px4_ros_com/share/px4_ros_com/package.sh'
[228.074s] INFO:colcon.colcon_core.shell:Creating package script '/home/bruno/auto_wt_scan_ws/install/px4_ros_com/share/px4_ros_com/package.bash'
[228.074s] INFO:colcon.colcon_core.shell:Creating package script '/home/bruno/auto_wt_scan_ws/install/px4_ros_com/share/px4_ros_com/package.zsh'
[228.075s] Level 1:colcon.colcon_core.environment:create_file_with_runtime_dependencies(/home/bruno/auto_wt_scan_ws/install/px4_ros_com/share/colcon-core/packages/px4_ros_com)
[228.107s] Level 1:colcon.colcon_core.environment:create_environment_scripts_only(px4_ros_com)
[228.107s] Level 1:colcon.colcon_core.environment:checking '/home/bruno/auto_wt_scan_ws/install/px4_ros_com' for CMake module files
[228.108s] Level 1:colcon.colcon_core.environment:checking '/home/bruno/auto_wt_scan_ws/install/px4_ros_com' for CMake config files
[228.108s] Level 1:colcon.colcon_core.shell:create_environment_hook('px4_ros_com', 'cmake_prefix_path')
[228.108s] INFO:colcon.colcon_core.shell:Creating environment hook '/home/bruno/auto_wt_scan_ws/install/px4_ros_com/share/px4_ros_com/hook/cmake_prefix_path.ps1'
[228.109s] INFO:colcon.colcon_core.shell:Creating environment descriptor '/home/bruno/auto_wt_scan_ws/install/px4_ros_com/share/px4_ros_com/hook/cmake_prefix_path.dsv'
[228.109s] INFO:colcon.colcon_core.shell:Creating environment hook '/home/bruno/auto_wt_scan_ws/install/px4_ros_com/share/px4_ros_com/hook/cmake_prefix_path.sh'
[228.109s] Level 1:colcon.colcon_core.environment:checking '/home/bruno/auto_wt_scan_ws/install/px4_ros_com/lib'
[228.109s] Level 1:colcon.colcon_core.shell:create_environment_hook('px4_ros_com', 'ld_library_path_lib')
[228.109s] INFO:colcon.colcon_core.shell:Creating environment hook '/home/bruno/auto_wt_scan_ws/install/px4_ros_com/share/px4_ros_com/hook/ld_library_path_lib.ps1'
[228.110s] INFO:colcon.colcon_core.shell:Creating environment descriptor '/home/bruno/auto_wt_scan_ws/install/px4_ros_com/share/px4_ros_com/hook/ld_library_path_lib.dsv'
[228.110s] INFO:colcon.colcon_core.shell:Creating environment hook '/home/bruno/auto_wt_scan_ws/install/px4_ros_com/share/px4_ros_com/hook/ld_library_path_lib.sh'
[228.110s] Level 1:colcon.colcon_core.environment:checking '/home/bruno/auto_wt_scan_ws/install/px4_ros_com/bin'
[228.110s] Level 1:colcon.colcon_core.environment:checking '/home/bruno/auto_wt_scan_ws/install/px4_ros_com/lib/pkgconfig/px4_ros_com.pc'
[228.110s] Level 1:colcon.colcon_core.environment:checking '/home/bruno/auto_wt_scan_ws/install/px4_ros_com/lib/python3.10/site-packages'
[228.110s] Level 1:colcon.colcon_core.environment:checking '/home/bruno/auto_wt_scan_ws/install/px4_ros_com/bin'
[228.111s] INFO:colcon.colcon_core.shell:Creating package script '/home/bruno/auto_wt_scan_ws/install/px4_ros_com/share/px4_ros_com/package.ps1'
[228.111s] INFO:colcon.colcon_core.shell:Creating package descriptor '/home/bruno/auto_wt_scan_ws/install/px4_ros_com/share/px4_ros_com/package.dsv'
[228.111s] INFO:colcon.colcon_core.shell:Creating package script '/home/bruno/auto_wt_scan_ws/install/px4_ros_com/share/px4_ros_com/package.sh'
[228.112s] INFO:colcon.colcon_core.shell:Creating package script '/home/bruno/auto_wt_scan_ws/install/px4_ros_com/share/px4_ros_com/package.bash'
[228.112s] INFO:colcon.colcon_core.shell:Creating package script '/home/bruno/auto_wt_scan_ws/install/px4_ros_com/share/px4_ros_com/package.zsh'
[228.112s] Level 1:colcon.colcon_core.environment:create_file_with_runtime_dependencies(/home/bruno/auto_wt_scan_ws/install/px4_ros_com/share/colcon-core/packages/px4_ros_com)
[228.112s] DEBUG:colcon.colcon_parallel_executor.executor.parallel:closing loop
[228.113s] DEBUG:colcon.colcon_parallel_executor.executor.parallel:loop closed
[228.113s] DEBUG:colcon.colcon_parallel_executor.executor.parallel:run_until_complete finished with '0'
[228.113s] DEBUG:colcon.colcon_core.event_reactor:joining thread
[228.117s] INFO:colcon.colcon_core.plugin_system:Skipping extension 'colcon_notification.desktop_notification.terminal_notifier': Not used on non-Darwin systems
[228.117s] INFO:colcon.colcon_core.plugin_system:Skipping extension 'colcon_notification.desktop_notification.win32': Not used on non-Windows systems
[228.117s] INFO:colcon.colcon_notification.desktop_notification:Sending desktop notification using 'notify2'
[228.127s] DEBUG:colcon.colcon_core.event_reactor:joined thread
[228.127s] INFO:colcon.colcon_core.shell:Creating prefix script '/home/bruno/auto_wt_scan_ws/install/local_setup.ps1'
[228.128s] INFO:colcon.colcon_core.shell:Creating prefix util module '/home/bruno/auto_wt_scan_ws/install/_local_setup_util_ps1.py'
[228.129s] INFO:colcon.colcon_core.shell:Creating prefix chain script '/home/bruno/auto_wt_scan_ws/install/setup.ps1'
[228.130s] INFO:colcon.colcon_core.shell:Creating prefix script '/home/bruno/auto_wt_scan_ws/install/local_setup.sh'
[228.130s] INFO:colcon.colcon_core.shell:Creating prefix util module '/home/bruno/auto_wt_scan_ws/install/_local_setup_util_sh.py'
[228.131s] INFO:colcon.colcon_core.shell:Creating prefix chain script '/home/bruno/auto_wt_scan_ws/install/setup.sh'
[228.132s] INFO:colcon.colcon_core.shell:Creating prefix script '/home/bruno/auto_wt_scan_ws/install/local_setup.bash'
[228.132s] INFO:colcon.colcon_core.shell:Creating prefix chain script '/home/bruno/auto_wt_scan_ws/install/setup.bash'
[228.133s] INFO:colcon.colcon_core.shell:Creating prefix script '/home/bruno/auto_wt_scan_ws/install/local_setup.zsh'
[228.133s] INFO:colcon.colcon_core.shell:Creating prefix chain script '/home/bruno/auto_wt_scan_ws/install/setup.zsh'
