[0.955s] Invoking command in '/home/bruno/auto_wt_scan_ws/src/wind_turbine_detection': CMAKE_PREFIX_PATH=/home/bruno/auto_wt_scan_ws/install/px4_msgs:/home/bruno/auto_wt_scan_ws/install/px4_ros_com LD_LIBRARY_PATH=/home/bruno/auto_wt_scan_ws/install/px4_msgs/lib:/home/bruno/auto_wt_scan_ws/install/px4_ros_com/lib:/opt/ros/humble/opt/rviz_ogre_vendor/lib:/opt/ros/humble/lib/x86_64-linux-gnu:/opt/ros/humble/lib PYTHONPATH=/home/bruno/auto_wt_scan_ws/build/wind_turbine_detection/prefix_override:/home/bruno/auto_wt_scan_ws/install/wind_turbine_detection/lib/python3.10/site-packages:${PYTHONPATH} /usr/bin/python3 -W ignore:setup.py install is deprecated setup.py egg_info --egg-base ../../build/wind_turbine_detection build --build-base /home/bruno/auto_wt_scan_ws/build/wind_turbine_detection/build install --record /home/bruno/auto_wt_scan_ws/build/wind_turbine_detection/install.log --single-version-externally-managed install_data
[1.195s] running egg_info
[1.210s] writing ../../build/wind_turbine_detection/wind_turbine_detection.egg-info/PKG-INFO
[1.211s] writing dependency_links to ../../build/wind_turbine_detection/wind_turbine_detection.egg-info/dependency_links.txt
[1.211s] writing entry points to ../../build/wind_turbine_detection/wind_turbine_detection.egg-info/entry_points.txt
[1.211s] writing requirements to ../../build/wind_turbine_detection/wind_turbine_detection.egg-info/requires.txt
[1.211s] writing top-level names to ../../build/wind_turbine_detection/wind_turbine_detection.egg-info/top_level.txt
[1.243s] reading manifest file '../../build/wind_turbine_detection/wind_turbine_detection.egg-info/SOURCES.txt'
[1.243s] adding license file 'LICENSE'
[1.244s] writing manifest file '../../build/wind_turbine_detection/wind_turbine_detection.egg-info/SOURCES.txt'
[1.244s] running build
[1.244s] running build_py
[1.245s] copying wind_turbine_detection/__init__.py -> /home/bruno/auto_wt_scan_ws/build/wind_turbine_detection/build/lib/wind_turbine_detection
[1.245s] copying wind_turbine_detection/image_subscriber.py -> /home/bruno/auto_wt_scan_ws/build/wind_turbine_detection/build/lib/wind_turbine_detection
[1.245s] copying wind_turbine_detection/processes.py -> /home/bruno/auto_wt_scan_ws/build/wind_turbine_detection/build/lib/wind_turbine_detection
[1.245s] copying wind_turbine_detection/__init__.py -> /home/bruno/auto_wt_scan_ws/build/wind_turbine_detection/build/lib/wind_turbine_detection
[1.245s] copying wind_turbine_detection/image_subscriber.py -> /home/bruno/auto_wt_scan_ws/build/wind_turbine_detection/build/lib/wind_turbine_detection
[1.245s] copying wind_turbine_detection/processes.py -> /home/bruno/auto_wt_scan_ws/build/wind_turbine_detection/build/lib/wind_turbine_detection
[1.245s] running install
[1.250s] running install_lib
[1.268s] running install_data
[1.268s] copying resource/wind_turbine_detection -> /home/bruno/auto_wt_scan_ws/install/wind_turbine_detection/share/ament_index/resource_index/packages
[1.268s] copying package.xml -> /home/bruno/auto_wt_scan_ws/install/wind_turbine_detection/share/wind_turbine_detection
[1.269s] copying launch/wind_turbine_detection.launch.py -> /home/bruno/auto_wt_scan_ws/install/wind_turbine_detection/share/wind_turbine_detection
[1.269s] running install_egg_info
[1.285s] removing '/home/bruno/auto_wt_scan_ws/install/wind_turbine_detection/lib/python3.10/site-packages/wind_turbine_detection-0.0.0-py3.10.egg-info' (and everything under it)
[1.285s] Copying ../../build/wind_turbine_detection/wind_turbine_detection.egg-info to /home/bruno/auto_wt_scan_ws/install/wind_turbine_detection/lib/python3.10/site-packages/wind_turbine_detection-0.0.0-py3.10.egg-info
[1.286s] running install_scripts
[1.423s] Installing image_subscriber script to /home/bruno/auto_wt_scan_ws/install/wind_turbine_detection/lib/wind_turbine_detection
[1.423s] Installing processes script to /home/bruno/auto_wt_scan_ws/install/wind_turbine_detection/lib/wind_turbine_detection
[1.423s] writing list of installed files to '/home/bruno/auto_wt_scan_ws/build/wind_turbine_detection/install.log'
[1.447s] Invoked command in '/home/bruno/auto_wt_scan_ws/src/wind_turbine_detection' returned '0': CMAKE_PREFIX_PATH=/home/bruno/auto_wt_scan_ws/install/px4_msgs:/home/bruno/auto_wt_scan_ws/install/px4_ros_com LD_LIBRARY_PATH=/home/bruno/auto_wt_scan_ws/install/px4_msgs/lib:/home/bruno/auto_wt_scan_ws/install/px4_ros_com/lib:/opt/ros/humble/opt/rviz_ogre_vendor/lib:/opt/ros/humble/lib/x86_64-linux-gnu:/opt/ros/humble/lib PYTHONPATH=/home/bruno/auto_wt_scan_ws/build/wind_turbine_detection/prefix_override:/home/bruno/auto_wt_scan_ws/install/wind_turbine_detection/lib/python3.10/site-packages:${PYTHONPATH} /usr/bin/python3 -W ignore:setup.py install is deprecated setup.py egg_info --egg-base ../../build/wind_turbine_detection build --build-base /home/bruno/auto_wt_scan_ws/build/wind_turbine_detection/build install --record /home/bruno/auto_wt_scan_ws/build/wind_turbine_detection/install.log --single-version-externally-managed install_data
