[0.875s] Invoking command in '/home/bruno/auto_wt_scan_ws/src/wind_turbine_inspection': CMAKE_PREFIX_PATH=/home/bruno/auto_wt_scan_ws/install/px4_msgs:/home/bruno/auto_wt_scan_ws/install/px4_ros_com LD_LIBRARY_PATH=/home/bruno/auto_wt_scan_ws/install/px4_msgs/lib:/home/bruno/auto_wt_scan_ws/install/px4_ros_com/lib:/opt/ros/humble/opt/rviz_ogre_vendor/lib:/opt/ros/humble/lib/x86_64-linux-gnu:/opt/ros/humble/lib PYTHONPATH=/home/bruno/auto_wt_scan_ws/build/wind_turbine_inspection/prefix_override:/home/bruno/auto_wt_scan_ws/install/wind_turbine_inspection/lib/python3.10/site-packages:${PYTHONPATH} /usr/bin/python3 -W ignore:setup.py install is deprecated setup.py egg_info --egg-base ../../build/wind_turbine_inspection build --build-base /home/bruno/auto_wt_scan_ws/build/wind_turbine_inspection/build install --record /home/bruno/auto_wt_scan_ws/build/wind_turbine_inspection/install.log --single-version-externally-managed install_data
[1.085s] running egg_info
[1.098s] writing ../../build/wind_turbine_inspection/wind_turbine_inspection.egg-info/PKG-INFO
[1.099s] writing dependency_links to ../../build/wind_turbine_inspection/wind_turbine_inspection.egg-info/dependency_links.txt
[1.099s] writing requirements to ../../build/wind_turbine_inspection/wind_turbine_inspection.egg-info/requires.txt
[1.099s] writing top-level names to ../../build/wind_turbine_inspection/wind_turbine_inspection.egg-info/top_level.txt
[1.127s] reading manifest file '../../build/wind_turbine_inspection/wind_turbine_inspection.egg-info/SOURCES.txt'
[1.127s] adding license file 'LICENSE'
[1.128s] writing manifest file '../../build/wind_turbine_inspection/wind_turbine_inspection.egg-info/SOURCES.txt'
[1.128s] running build
[1.128s] running build_py
[1.128s] copying wind_turbine_inspection/KeyPressModule.py -> /home/bruno/auto_wt_scan_ws/build/wind_turbine_inspection/build/lib/wind_turbine_inspection
[1.128s] copying wind_turbine_inspection/visualizer.py -> /home/bruno/auto_wt_scan_ws/build/wind_turbine_inspection/build/lib/wind_turbine_inspection
[1.128s] copying wind_turbine_inspection/__init__.py -> /home/bruno/auto_wt_scan_ws/build/wind_turbine_inspection/build/lib/wind_turbine_inspection
[1.129s] copying wind_turbine_inspection/velocity_control.py -> /home/bruno/auto_wt_scan_ws/build/wind_turbine_inspection/build/lib/wind_turbine_inspection
[1.129s] copying wind_turbine_inspection/keyboard-mavsdk-test.py -> /home/bruno/auto_wt_scan_ws/build/wind_turbine_inspection/build/lib/wind_turbine_inspection
[1.129s] copying wind_turbine_inspection/control.py -> /home/bruno/auto_wt_scan_ws/build/wind_turbine_inspection/build/lib/wind_turbine_inspection
[1.129s] copying wind_turbine_inspection/processes.py -> /home/bruno/auto_wt_scan_ws/build/wind_turbine_inspection/build/lib/wind_turbine_inspection
[1.129s] running install
[1.134s] running install_lib
[1.148s] running install_data
[1.148s] copying resource/wind_turbine_inspection -> /home/bruno/auto_wt_scan_ws/install/wind_turbine_inspection/share/ament_index/resource_index/packages
[1.148s] copying package.xml -> /home/bruno/auto_wt_scan_ws/install/wind_turbine_inspection/share/wind_turbine_inspection
[1.148s] running install_egg_info
[1.162s] removing '/home/bruno/auto_wt_scan_ws/install/wind_turbine_inspection/lib/python3.10/site-packages/wind_turbine_inspection-0.0.0-py3.10.egg-info' (and everything under it)
[1.163s] Copying ../../build/wind_turbine_inspection/wind_turbine_inspection.egg-info to /home/bruno/auto_wt_scan_ws/install/wind_turbine_inspection/lib/python3.10/site-packages/wind_turbine_inspection-0.0.0-py3.10.egg-info
[1.163s] running install_scripts
[1.286s] writing list of installed files to '/home/bruno/auto_wt_scan_ws/build/wind_turbine_inspection/install.log'
[1.308s] Invoked command in '/home/bruno/auto_wt_scan_ws/src/wind_turbine_inspection' returned '0': CMAKE_PREFIX_PATH=/home/bruno/auto_wt_scan_ws/install/px4_msgs:/home/bruno/auto_wt_scan_ws/install/px4_ros_com LD_LIBRARY_PATH=/home/bruno/auto_wt_scan_ws/install/px4_msgs/lib:/home/bruno/auto_wt_scan_ws/install/px4_ros_com/lib:/opt/ros/humble/opt/rviz_ogre_vendor/lib:/opt/ros/humble/lib/x86_64-linux-gnu:/opt/ros/humble/lib PYTHONPATH=/home/bruno/auto_wt_scan_ws/build/wind_turbine_inspection/prefix_override:/home/bruno/auto_wt_scan_ws/install/wind_turbine_inspection/lib/python3.10/site-packages:${PYTHONPATH} /usr/bin/python3 -W ignore:setup.py install is deprecated setup.py egg_info --egg-base ../../build/wind_turbine_inspection build --build-base /home/bruno/auto_wt_scan_ws/build/wind_turbine_inspection/build install --record /home/bruno/auto_wt_scan_ws/build/wind_turbine_inspection/install.log --single-version-externally-managed install_data
