[0.127s] DEBUG:colcon:Command line arguments: ['/usr/bin/colcon', 'build', '--packages-select', 'wind_turbine_detection', 'wind_turbine_inspection']
[0.127s] DEBUG:colcon:Parsed command line arguments: Namespace(log_base=None, log_level=None, verb_name='build', build_base='build', install_base='install', merge_install=False, symlink_install=False, test_result_base=None, continue_on_error=False, executor='parallel', parallel_workers=8, event_handlers=None, ignore_user_meta=False, metas=['./colcon.meta'], base_paths=['.'], packages_ignore=None, packages_ignore_regex=None, paths=None, packages_up_to=None, packages_up_to_regex=None, packages_above=None, packages_above_and_dependencies=None, packages_above_depth=None, packages_select_by_dep=None, packages_skip_by_dep=None, packages_skip_up_to=None, packages_select_build_failed=False, packages_skip_build_finished=False, packages_select_test_failures=False, packages_skip_test_passed=False, packages_select=['wind_turbine_detection', 'wind_turbine_inspection'], packages_skip=None, packages_select_regex=None, packages_skip_regex=None, packages_start=None, packages_end=None, allow_overriding=[], cmake_args=None, cmake_target=None, cmake_target_skip_unavailable=False, cmake_clean_cache=False, cmake_clean_first=False, cmake_force_configure=False, ament_cmake_args=None, catkin_cmake_args=None, catkin_skip_building_tests=False, mixin_files=None, mixin=None, verb_parser=<colcon_mixin.mixin.mixin_argument.MixinArgumentDecorator object at 0x7a688b937310>, verb_extension=<colcon_core.verb.build.BuildVerb object at 0x7a688b936da0>, main=<bound method BuildVerb.main of <colcon_core.verb.build.BuildVerb object at 0x7a688b936da0>>, mixin_verb=('build',))
[0.171s] Level 1:colcon.colcon_core.package_discovery:discover_packages(colcon_meta) check parameters
[0.171s] Level 1:colcon.colcon_core.package_discovery:discover_packages(recursive) check parameters
[0.171s] Level 1:colcon.colcon_core.package_discovery:discover_packages(ignore) check parameters
[0.171s] Level 1:colcon.colcon_core.package_discovery:discover_packages(path) check parameters
[0.171s] Level 1:colcon.colcon_core.package_discovery:discover_packages(colcon_meta) discover
[0.171s] Level 1:colcon.colcon_core.package_discovery:discover_packages(recursive) discover
[0.171s] INFO:colcon.colcon_core.package_discovery:Crawling recursively for packages in '/home/bruno/auto_wt_scan_ws'
[0.171s] Level 1:colcon.colcon_core.package_identification:_identify(.) by extensions ['ignore', 'ignore_ament_install']
[0.171s] Level 1:colcon.colcon_core.package_identification:_identify(.) by extension 'ignore'
[0.171s] Level 1:colcon.colcon_core.package_identification:_identify(.) by extension 'ignore_ament_install'
[0.171s] Level 1:colcon.colcon_core.package_identification:_identify(.) by extensions ['colcon_pkg']
[0.171s] Level 1:colcon.colcon_core.package_identification:_identify(.) by extension 'colcon_pkg'
[0.171s] Level 1:colcon.colcon_core.package_identification:_identify(.) by extensions ['colcon_meta']
[0.171s] Level 1:colcon.colcon_core.package_identification:_identify(.) by extension 'colcon_meta'
[0.171s] Level 1:colcon.colcon_core.package_identification:_identify(.) by extensions ['ros']
[0.171s] Level 1:colcon.colcon_core.package_identification:_identify(.) by extension 'ros'
[0.188s] Level 1:colcon.colcon_core.package_identification:_identify(.) by extensions ['cmake', 'python']
[0.188s] Level 1:colcon.colcon_core.package_identification:_identify(.) by extension 'cmake'
[0.188s] Level 1:colcon.colcon_core.package_identification:_identify(.) by extension 'python'
[0.188s] Level 1:colcon.colcon_core.package_identification:_identify(.) by extensions ['python_setup_py']
[0.188s] Level 1:colcon.colcon_core.package_identification:_identify(.) by extension 'python_setup_py'
[0.188s] Level 1:colcon.colcon_core.package_identification:_identify(build) by extensions ['ignore', 'ignore_ament_install']
[0.189s] Level 1:colcon.colcon_core.package_identification:_identify(build) by extension 'ignore'
[0.189s] Level 1:colcon.colcon_core.package_identification:_identify(build) ignored
[0.189s] Level 1:colcon.colcon_core.package_identification:_identify(install) by extensions ['ignore', 'ignore_ament_install']
[0.189s] Level 1:colcon.colcon_core.package_identification:_identify(install) by extension 'ignore'
[0.189s] Level 1:colcon.colcon_core.package_identification:_identify(install) ignored
[0.189s] Level 1:colcon.colcon_core.package_identification:_identify(log) by extensions ['ignore', 'ignore_ament_install']
[0.189s] Level 1:colcon.colcon_core.package_identification:_identify(log) by extension 'ignore'
[0.189s] Level 1:colcon.colcon_core.package_identification:_identify(log) ignored
[0.189s] Level 1:colcon.colcon_core.package_identification:_identify(src) by extensions ['ignore', 'ignore_ament_install']
[0.190s] Level 1:colcon.colcon_core.package_identification:_identify(src) by extension 'ignore'
[0.190s] Level 1:colcon.colcon_core.package_identification:_identify(src) by extension 'ignore_ament_install'
[0.190s] Level 1:colcon.colcon_core.package_identification:_identify(src) by extensions ['colcon_pkg']
[0.190s] Level 1:colcon.colcon_core.package_identification:_identify(src) by extension 'colcon_pkg'
[0.190s] Level 1:colcon.colcon_core.package_identification:_identify(src) by extensions ['colcon_meta']
[0.190s] Level 1:colcon.colcon_core.package_identification:_identify(src) by extension 'colcon_meta'
[0.190s] Level 1:colcon.colcon_core.package_identification:_identify(src) by extensions ['ros']
[0.190s] Level 1:colcon.colcon_core.package_identification:_identify(src) by extension 'ros'
[0.190s] Level 1:colcon.colcon_core.package_identification:_identify(src) by extensions ['cmake', 'python']
[0.190s] Level 1:colcon.colcon_core.package_identification:_identify(src) by extension 'cmake'
[0.190s] Level 1:colcon.colcon_core.package_identification:_identify(src) by extension 'python'
[0.190s] Level 1:colcon.colcon_core.package_identification:_identify(src) by extensions ['python_setup_py']
[0.190s] Level 1:colcon.colcon_core.package_identification:_identify(src) by extension 'python_setup_py'
[0.190s] Level 1:colcon.colcon_core.package_identification:_identify(src/px4_msgs) by extensions ['ignore', 'ignore_ament_install']
[0.190s] Level 1:colcon.colcon_core.package_identification:_identify(src/px4_msgs) by extension 'ignore'
[0.190s] Level 1:colcon.colcon_core.package_identification:_identify(src/px4_msgs) by extension 'ignore_ament_install'
[0.190s] Level 1:colcon.colcon_core.package_identification:_identify(src/px4_msgs) by extensions ['colcon_pkg']
[0.190s] Level 1:colcon.colcon_core.package_identification:_identify(src/px4_msgs) by extension 'colcon_pkg'
[0.190s] Level 1:colcon.colcon_core.package_identification:_identify(src/px4_msgs) by extensions ['colcon_meta']
[0.190s] Level 1:colcon.colcon_core.package_identification:_identify(src/px4_msgs) by extension 'colcon_meta'
[0.191s] Level 1:colcon.colcon_core.package_identification:_identify(src/px4_msgs) by extensions ['ros']
[0.191s] Level 1:colcon.colcon_core.package_identification:_identify(src/px4_msgs) by extension 'ros'
[0.193s] DEBUG:colcon.colcon_core.package_identification:Package 'src/px4_msgs' with type 'ros.ament_cmake' and name 'px4_msgs'
[0.193s] Level 1:colcon.colcon_core.package_identification:_identify(src/px4_ros_com) by extensions ['ignore', 'ignore_ament_install']
[0.193s] Level 1:colcon.colcon_core.package_identification:_identify(src/px4_ros_com) by extension 'ignore'
[0.193s] Level 1:colcon.colcon_core.package_identification:_identify(src/px4_ros_com) by extension 'ignore_ament_install'
[0.193s] Level 1:colcon.colcon_core.package_identification:_identify(src/px4_ros_com) by extensions ['colcon_pkg']
[0.193s] Level 1:colcon.colcon_core.package_identification:_identify(src/px4_ros_com) by extension 'colcon_pkg'
[0.194s] Level 1:colcon.colcon_core.package_identification:_identify(src/px4_ros_com) by extensions ['colcon_meta']
[0.194s] Level 1:colcon.colcon_core.package_identification:_identify(src/px4_ros_com) by extension 'colcon_meta'
[0.194s] Level 1:colcon.colcon_core.package_identification:_identify(src/px4_ros_com) by extensions ['ros']
[0.194s] Level 1:colcon.colcon_core.package_identification:_identify(src/px4_ros_com) by extension 'ros'
[0.195s] DEBUG:colcon.colcon_core.package_identification:Package 'src/px4_ros_com' with type 'ros.ament_cmake' and name 'px4_ros_com'
[0.195s] Level 1:colcon.colcon_core.package_identification:_identify(src/wind_turbine_detection) by extensions ['ignore', 'ignore_ament_install']
[0.195s] Level 1:colcon.colcon_core.package_identification:_identify(src/wind_turbine_detection) by extension 'ignore'
[0.195s] Level 1:colcon.colcon_core.package_identification:_identify(src/wind_turbine_detection) by extension 'ignore_ament_install'
[0.195s] Level 1:colcon.colcon_core.package_identification:_identify(src/wind_turbine_detection) by extensions ['colcon_pkg']
[0.195s] Level 1:colcon.colcon_core.package_identification:_identify(src/wind_turbine_detection) by extension 'colcon_pkg'
[0.195s] Level 1:colcon.colcon_core.package_identification:_identify(src/wind_turbine_detection) by extensions ['colcon_meta']
[0.195s] Level 1:colcon.colcon_core.package_identification:_identify(src/wind_turbine_detection) by extension 'colcon_meta'
[0.195s] Level 1:colcon.colcon_core.package_identification:_identify(src/wind_turbine_detection) by extensions ['ros']
[0.195s] Level 1:colcon.colcon_core.package_identification:_identify(src/wind_turbine_detection) by extension 'ros'
[0.196s] DEBUG:colcon.colcon_core.package_identification:Package 'src/wind_turbine_detection' with type 'ros.ament_python' and name 'wind_turbine_detection'
[0.196s] Level 1:colcon.colcon_core.package_identification:_identify(src/wind_turbine_inspection) by extensions ['ignore', 'ignore_ament_install']
[0.196s] Level 1:colcon.colcon_core.package_identification:_identify(src/wind_turbine_inspection) by extension 'ignore'
[0.196s] Level 1:colcon.colcon_core.package_identification:_identify(src/wind_turbine_inspection) by extension 'ignore_ament_install'
[0.196s] Level 1:colcon.colcon_core.package_identification:_identify(src/wind_turbine_inspection) by extensions ['colcon_pkg']
[0.196s] Level 1:colcon.colcon_core.package_identification:_identify(src/wind_turbine_inspection) by extension 'colcon_pkg'
[0.196s] Level 1:colcon.colcon_core.package_identification:_identify(src/wind_turbine_inspection) by extensions ['colcon_meta']
[0.196s] Level 1:colcon.colcon_core.package_identification:_identify(src/wind_turbine_inspection) by extension 'colcon_meta'
[0.196s] Level 1:colcon.colcon_core.package_identification:_identify(src/wind_turbine_inspection) by extensions ['ros']
[0.196s] Level 1:colcon.colcon_core.package_identification:_identify(src/wind_turbine_inspection) by extension 'ros'
[0.197s] DEBUG:colcon.colcon_core.package_identification:Package 'src/wind_turbine_inspection' with type 'ros.ament_python' and name 'wind_turbine_inspection'
[0.197s] Level 1:colcon.colcon_core.package_discovery:discover_packages(recursive) using defaults
[0.197s] Level 1:colcon.colcon_core.package_discovery:discover_packages(ignore) discover
[0.197s] Level 1:colcon.colcon_core.package_discovery:discover_packages(ignore) using defaults
[0.197s] Level 1:colcon.colcon_core.package_discovery:discover_packages(path) discover
[0.197s] Level 1:colcon.colcon_core.package_discovery:discover_packages(path) using defaults
[0.220s] INFO:colcon.colcon_core.package_selection:Skipping not selected package 'px4_msgs' in 'src/px4_msgs'
[0.220s] INFO:colcon.colcon_core.package_selection:Skipping not selected package 'px4_ros_com' in 'src/px4_ros_com'
[0.221s] Level 1:colcon.colcon_core.package_discovery:discover_packages(prefix_path) check parameters
[0.221s] Level 1:colcon.colcon_core.package_discovery:discover_packages(prefix_path) discover
[0.223s] DEBUG:colcon.colcon_installed_package_information.package_discovery:Found 4 installed packages in /home/bruno/auto_wt_scan_ws/install
[0.224s] DEBUG:colcon.colcon_installed_package_information.package_discovery:Found 285 installed packages in /opt/ros/humble
[0.226s] Level 1:colcon.colcon_core.package_discovery:discover_packages(prefix_path) using defaults
[0.277s] Level 5:colcon.colcon_core.verb:set package 'wind_turbine_detection' build argument 'cmake_args' from command line to 'None'
[0.277s] Level 5:colcon.colcon_core.verb:set package 'wind_turbine_detection' build argument 'cmake_target' from command line to 'None'
[0.277s] Level 5:colcon.colcon_core.verb:set package 'wind_turbine_detection' build argument 'cmake_target_skip_unavailable' from command line to 'False'
[0.277s] Level 5:colcon.colcon_core.verb:set package 'wind_turbine_detection' build argument 'cmake_clean_cache' from command line to 'False'
[0.277s] Level 5:colcon.colcon_core.verb:set package 'wind_turbine_detection' build argument 'cmake_clean_first' from command line to 'False'
[0.277s] Level 5:colcon.colcon_core.verb:set package 'wind_turbine_detection' build argument 'cmake_force_configure' from command line to 'False'
[0.277s] Level 5:colcon.colcon_core.verb:set package 'wind_turbine_detection' build argument 'ament_cmake_args' from command line to 'None'
[0.277s] Level 5:colcon.colcon_core.verb:set package 'wind_turbine_detection' build argument 'catkin_cmake_args' from command line to 'None'
[0.277s] Level 5:colcon.colcon_core.verb:set package 'wind_turbine_detection' build argument 'catkin_skip_building_tests' from command line to 'False'
[0.277s] DEBUG:colcon.colcon_core.verb:Building package 'wind_turbine_detection' with the following arguments: {'ament_cmake_args': None, 'build_base': '/home/bruno/auto_wt_scan_ws/build/wind_turbine_detection', 'catkin_cmake_args': None, 'catkin_skip_building_tests': False, 'cmake_args': None, 'cmake_clean_cache': False, 'cmake_clean_first': False, 'cmake_force_configure': False, 'cmake_target': None, 'cmake_target_skip_unavailable': False, 'install_base': '/home/bruno/auto_wt_scan_ws/install/wind_turbine_detection', 'merge_install': False, 'path': '/home/bruno/auto_wt_scan_ws/src/wind_turbine_detection', 'symlink_install': False, 'test_result_base': None}
[0.278s] Level 5:colcon.colcon_core.verb:set package 'wind_turbine_inspection' build argument 'cmake_args' from command line to 'None'
[0.278s] Level 5:colcon.colcon_core.verb:set package 'wind_turbine_inspection' build argument 'cmake_target' from command line to 'None'
[0.278s] Level 5:colcon.colcon_core.verb:set package 'wind_turbine_inspection' build argument 'cmake_target_skip_unavailable' from command line to 'False'
[0.278s] Level 5:colcon.colcon_core.verb:set package 'wind_turbine_inspection' build argument 'cmake_clean_cache' from command line to 'False'
[0.278s] Level 5:colcon.colcon_core.verb:set package 'wind_turbine_inspection' build argument 'cmake_clean_first' from command line to 'False'
[0.278s] Level 5:colcon.colcon_core.verb:set package 'wind_turbine_inspection' build argument 'cmake_force_configure' from command line to 'False'
[0.278s] Level 5:colcon.colcon_core.verb:set package 'wind_turbine_inspection' build argument 'ament_cmake_args' from command line to 'None'
[0.278s] Level 5:colcon.colcon_core.verb:set package 'wind_turbine_inspection' build argument 'catkin_cmake_args' from command line to 'None'
[0.278s] Level 5:colcon.colcon_core.verb:set package 'wind_turbine_inspection' build argument 'catkin_skip_building_tests' from command line to 'False'
[0.278s] DEBUG:colcon.colcon_core.verb:Building package 'wind_turbine_inspection' with the following arguments: {'ament_cmake_args': None, 'build_base': '/home/bruno/auto_wt_scan_ws/build/wind_turbine_inspection', 'catkin_cmake_args': None, 'catkin_skip_building_tests': False, 'cmake_args': None, 'cmake_clean_cache': False, 'cmake_clean_first': False, 'cmake_force_configure': False, 'cmake_target': None, 'cmake_target_skip_unavailable': False, 'install_base': '/home/bruno/auto_wt_scan_ws/install/wind_turbine_inspection', 'merge_install': False, 'path': '/home/bruno/auto_wt_scan_ws/src/wind_turbine_inspection', 'symlink_install': False, 'test_result_base': None}
[0.278s] INFO:colcon.colcon_core.executor:Executing jobs using 'parallel' executor
[0.279s] DEBUG:colcon.colcon_parallel_executor.executor.parallel:run_until_complete
[0.280s] INFO:colcon.colcon_ros.task.ament_python.build:Building ROS package in '/home/bruno/auto_wt_scan_ws/src/wind_turbine_detection' with build type 'ament_python'
[0.280s] Level 1:colcon.colcon_core.shell:create_environment_hook('wind_turbine_detection', 'ament_prefix_path')
[0.282s] INFO:colcon.colcon_core.plugin_system:Skipping extension 'colcon_core.shell.bat': Not used on non-Windows systems
[0.283s] INFO:colcon.colcon_core.shell:Creating environment hook '/home/bruno/auto_wt_scan_ws/install/wind_turbine_detection/share/wind_turbine_detection/hook/ament_prefix_path.ps1'
[0.283s] INFO:colcon.colcon_core.shell:Creating environment descriptor '/home/bruno/auto_wt_scan_ws/install/wind_turbine_detection/share/wind_turbine_detection/hook/ament_prefix_path.dsv'
[0.284s] INFO:colcon.colcon_core.shell:Creating environment hook '/home/bruno/auto_wt_scan_ws/install/wind_turbine_detection/share/wind_turbine_detection/hook/ament_prefix_path.sh'
[0.284s] INFO:colcon.colcon_core.shell:Skip shell extension 'powershell' for command environment: Not usable outside of PowerShell
[0.285s] DEBUG:colcon.colcon_core.shell:Skip shell extension 'dsv' for command environment
[0.289s] INFO:colcon.colcon_ros.task.ament_python.build:Building ROS package in '/home/bruno/auto_wt_scan_ws/src/wind_turbine_inspection' with build type 'ament_python'
[0.290s] Level 1:colcon.colcon_core.shell:create_environment_hook('wind_turbine_inspection', 'ament_prefix_path')
[0.290s] INFO:colcon.colcon_core.shell:Creating environment hook '/home/bruno/auto_wt_scan_ws/install/wind_turbine_inspection/share/wind_turbine_inspection/hook/ament_prefix_path.ps1'
[0.291s] INFO:colcon.colcon_core.shell:Creating environment descriptor '/home/bruno/auto_wt_scan_ws/install/wind_turbine_inspection/share/wind_turbine_inspection/hook/ament_prefix_path.dsv'
[0.291s] INFO:colcon.colcon_core.shell:Creating environment hook '/home/bruno/auto_wt_scan_ws/install/wind_turbine_inspection/share/wind_turbine_inspection/hook/ament_prefix_path.sh'
[0.292s] INFO:colcon.colcon_core.shell:Skip shell extension 'powershell' for command environment: Not usable outside of PowerShell
[0.292s] DEBUG:colcon.colcon_core.shell:Skip shell extension 'dsv' for command environment
[0.616s] INFO:colcon.colcon_core.task.python.build:Building Python package in '/home/bruno/auto_wt_scan_ws/src/wind_turbine_detection'
[0.616s] INFO:colcon.colcon_core.shell:Skip shell extension 'powershell' for command environment: Not usable outside of PowerShell
[0.616s] DEBUG:colcon.colcon_core.shell:Skip shell extension 'dsv' for command environment
[0.911s] INFO:colcon.colcon_core.task.python.build:Building Python package in '/home/bruno/auto_wt_scan_ws/src/wind_turbine_inspection'
[0.911s] INFO:colcon.colcon_core.shell:Skip shell extension 'powershell' for command environment: Not usable outside of PowerShell
[0.911s] DEBUG:colcon.colcon_core.shell:Skip shell extension 'dsv' for command environment
[1.729s] DEBUG:colcon.colcon_core.event_handler.log_command:Invoking command in '/home/bruno/auto_wt_scan_ws/src/wind_turbine_inspection': CMAKE_PREFIX_PATH=/home/bruno/auto_wt_scan_ws/install/px4_msgs:/home/bruno/auto_wt_scan_ws/install/px4_ros_com LD_LIBRARY_PATH=/home/bruno/auto_wt_scan_ws/install/px4_msgs/lib:/home/bruno/auto_wt_scan_ws/install/px4_ros_com/lib:/opt/ros/humble/opt/rviz_ogre_vendor/lib:/opt/ros/humble/lib/x86_64-linux-gnu:/opt/ros/humble/lib PYTHONPATH=/home/bruno/auto_wt_scan_ws/build/wind_turbine_inspection/prefix_override:/home/bruno/auto_wt_scan_ws/install/wind_turbine_inspection/lib/python3.10/site-packages:${PYTHONPATH} /usr/bin/python3 -W ignore:setup.py install is deprecated setup.py egg_info --egg-base ../../build/wind_turbine_inspection build --build-base /home/bruno/auto_wt_scan_ws/build/wind_turbine_inspection/build install --record /home/bruno/auto_wt_scan_ws/build/wind_turbine_inspection/install.log --single-version-externally-managed install_data
[1.775s] DEBUG:colcon.colcon_core.event_handler.log_command:Invoking command in '/home/bruno/auto_wt_scan_ws/src/wind_turbine_detection': CMAKE_PREFIX_PATH=/home/bruno/auto_wt_scan_ws/install/px4_msgs:/home/bruno/auto_wt_scan_ws/install/px4_ros_com LD_LIBRARY_PATH=/home/bruno/auto_wt_scan_ws/install/px4_msgs/lib:/home/bruno/auto_wt_scan_ws/install/px4_ros_com/lib:/opt/ros/humble/opt/rviz_ogre_vendor/lib:/opt/ros/humble/lib/x86_64-linux-gnu:/opt/ros/humble/lib PYTHONPATH=/home/bruno/auto_wt_scan_ws/build/wind_turbine_detection/prefix_override:/home/bruno/auto_wt_scan_ws/install/wind_turbine_detection/lib/python3.10/site-packages:${PYTHONPATH} /usr/bin/python3 -W ignore:setup.py install is deprecated setup.py egg_info --egg-base ../../build/wind_turbine_detection build --build-base /home/bruno/auto_wt_scan_ws/build/wind_turbine_detection/build install --record /home/bruno/auto_wt_scan_ws/build/wind_turbine_detection/install.log --single-version-externally-managed install_data
[2.569s] Level 1:colcon.colcon_core.environment:checking '/home/bruno/auto_wt_scan_ws/install/wind_turbine_inspection' for CMake module files
[2.570s] Level 1:colcon.colcon_core.environment:checking '/home/bruno/auto_wt_scan_ws/install/wind_turbine_inspection' for CMake config files
[2.571s] Level 1:colcon.colcon_core.environment:checking '/home/bruno/auto_wt_scan_ws/install/wind_turbine_inspection/lib'
[2.572s] Level 1:colcon.colcon_core.environment:checking '/home/bruno/auto_wt_scan_ws/install/wind_turbine_inspection/bin'
[2.572s] Level 1:colcon.colcon_core.environment:checking '/home/bruno/auto_wt_scan_ws/install/wind_turbine_inspection/lib/pkgconfig/wind_turbine_inspection.pc'
[2.572s] Level 1:colcon.colcon_core.environment:checking '/home/bruno/auto_wt_scan_ws/install/wind_turbine_inspection/lib/python3.10/site-packages'
[2.572s] Level 1:colcon.colcon_core.shell:create_environment_hook('wind_turbine_inspection', 'pythonpath')
[2.572s] INFO:colcon.colcon_core.shell:Creating environment hook '/home/bruno/auto_wt_scan_ws/install/wind_turbine_inspection/share/wind_turbine_inspection/hook/pythonpath.ps1'
[2.573s] INFO:colcon.colcon_core.shell:Creating environment descriptor '/home/bruno/auto_wt_scan_ws/install/wind_turbine_inspection/share/wind_turbine_inspection/hook/pythonpath.dsv'
[2.573s] INFO:colcon.colcon_core.shell:Creating environment hook '/home/bruno/auto_wt_scan_ws/install/wind_turbine_inspection/share/wind_turbine_inspection/hook/pythonpath.sh'
[2.574s] DEBUG:colcon.colcon_core.event_handler.log_command:Invoked command in '/home/bruno/auto_wt_scan_ws/src/wind_turbine_inspection' returned '0': CMAKE_PREFIX_PATH=/home/bruno/auto_wt_scan_ws/install/px4_msgs:/home/bruno/auto_wt_scan_ws/install/px4_ros_com LD_LIBRARY_PATH=/home/bruno/auto_wt_scan_ws/install/px4_msgs/lib:/home/bruno/auto_wt_scan_ws/install/px4_ros_com/lib:/opt/ros/humble/opt/rviz_ogre_vendor/lib:/opt/ros/humble/lib/x86_64-linux-gnu:/opt/ros/humble/lib PYTHONPATH=/home/bruno/auto_wt_scan_ws/build/wind_turbine_inspection/prefix_override:/home/bruno/auto_wt_scan_ws/install/wind_turbine_inspection/lib/python3.10/site-packages:${PYTHONPATH} /usr/bin/python3 -W ignore:setup.py install is deprecated setup.py egg_info --egg-base ../../build/wind_turbine_inspection build --build-base /home/bruno/auto_wt_scan_ws/build/wind_turbine_inspection/build install --record /home/bruno/auto_wt_scan_ws/build/wind_turbine_inspection/install.log --single-version-externally-managed install_data
[2.574s] Level 1:colcon.colcon_core.environment:checking '/home/bruno/auto_wt_scan_ws/install/wind_turbine_inspection/bin'
[2.575s] Level 1:colcon.colcon_core.environment:create_environment_scripts_only(wind_turbine_inspection)
[2.575s] INFO:colcon.colcon_core.shell:Creating package script '/home/bruno/auto_wt_scan_ws/install/wind_turbine_inspection/share/wind_turbine_inspection/package.ps1'
[2.580s] INFO:colcon.colcon_core.shell:Creating package descriptor '/home/bruno/auto_wt_scan_ws/install/wind_turbine_inspection/share/wind_turbine_inspection/package.dsv'
[2.581s] INFO:colcon.colcon_core.shell:Creating package script '/home/bruno/auto_wt_scan_ws/install/wind_turbine_inspection/share/wind_turbine_inspection/package.sh'
[2.582s] INFO:colcon.colcon_core.shell:Creating package script '/home/bruno/auto_wt_scan_ws/install/wind_turbine_inspection/share/wind_turbine_inspection/package.bash'
[2.583s] INFO:colcon.colcon_core.shell:Creating package script '/home/bruno/auto_wt_scan_ws/install/wind_turbine_inspection/share/wind_turbine_inspection/package.zsh'
[2.585s] Level 1:colcon.colcon_core.environment:create_file_with_runtime_dependencies(/home/bruno/auto_wt_scan_ws/install/wind_turbine_inspection/share/colcon-core/packages/wind_turbine_inspection)
[2.656s] Level 1:colcon.colcon_core.environment:checking '/home/bruno/auto_wt_scan_ws/install/wind_turbine_detection' for CMake module files
[2.656s] DEBUG:colcon.colcon_core.event_handler.log_command:Invoked command in '/home/bruno/auto_wt_scan_ws/src/wind_turbine_detection' returned '0': CMAKE_PREFIX_PATH=/home/bruno/auto_wt_scan_ws/install/px4_msgs:/home/bruno/auto_wt_scan_ws/install/px4_ros_com LD_LIBRARY_PATH=/home/bruno/auto_wt_scan_ws/install/px4_msgs/lib:/home/bruno/auto_wt_scan_ws/install/px4_ros_com/lib:/opt/ros/humble/opt/rviz_ogre_vendor/lib:/opt/ros/humble/lib/x86_64-linux-gnu:/opt/ros/humble/lib PYTHONPATH=/home/bruno/auto_wt_scan_ws/build/wind_turbine_detection/prefix_override:/home/bruno/auto_wt_scan_ws/install/wind_turbine_detection/lib/python3.10/site-packages:${PYTHONPATH} /usr/bin/python3 -W ignore:setup.py install is deprecated setup.py egg_info --egg-base ../../build/wind_turbine_detection build --build-base /home/bruno/auto_wt_scan_ws/build/wind_turbine_detection/build install --record /home/bruno/auto_wt_scan_ws/build/wind_turbine_detection/install.log --single-version-externally-managed install_data
[2.657s] Level 1:colcon.colcon_core.environment:checking '/home/bruno/auto_wt_scan_ws/install/wind_turbine_detection' for CMake config files
[2.657s] Level 1:colcon.colcon_core.environment:checking '/home/bruno/auto_wt_scan_ws/install/wind_turbine_detection/lib'
[2.658s] Level 1:colcon.colcon_core.environment:checking '/home/bruno/auto_wt_scan_ws/install/wind_turbine_detection/bin'
[2.658s] Level 1:colcon.colcon_core.environment:checking '/home/bruno/auto_wt_scan_ws/install/wind_turbine_detection/lib/pkgconfig/wind_turbine_detection.pc'
[2.658s] Level 1:colcon.colcon_core.environment:checking '/home/bruno/auto_wt_scan_ws/install/wind_turbine_detection/lib/python3.10/site-packages'
[2.658s] Level 1:colcon.colcon_core.shell:create_environment_hook('wind_turbine_detection', 'pythonpath')
[2.658s] INFO:colcon.colcon_core.shell:Creating environment hook '/home/bruno/auto_wt_scan_ws/install/wind_turbine_detection/share/wind_turbine_detection/hook/pythonpath.ps1'
[2.659s] INFO:colcon.colcon_core.shell:Creating environment descriptor '/home/bruno/auto_wt_scan_ws/install/wind_turbine_detection/share/wind_turbine_detection/hook/pythonpath.dsv'
[2.660s] INFO:colcon.colcon_core.shell:Creating environment hook '/home/bruno/auto_wt_scan_ws/install/wind_turbine_detection/share/wind_turbine_detection/hook/pythonpath.sh'
[2.660s] Level 1:colcon.colcon_core.environment:checking '/home/bruno/auto_wt_scan_ws/install/wind_turbine_detection/bin'
[2.660s] Level 1:colcon.colcon_core.environment:create_environment_scripts_only(wind_turbine_detection)
[2.661s] INFO:colcon.colcon_core.shell:Creating package script '/home/bruno/auto_wt_scan_ws/install/wind_turbine_detection/share/wind_turbine_detection/package.ps1'
[2.661s] INFO:colcon.colcon_core.shell:Creating package descriptor '/home/bruno/auto_wt_scan_ws/install/wind_turbine_detection/share/wind_turbine_detection/package.dsv'
[2.662s] INFO:colcon.colcon_core.shell:Creating package script '/home/bruno/auto_wt_scan_ws/install/wind_turbine_detection/share/wind_turbine_detection/package.sh'
[2.662s] INFO:colcon.colcon_core.shell:Creating package script '/home/bruno/auto_wt_scan_ws/install/wind_turbine_detection/share/wind_turbine_detection/package.bash'
[2.663s] INFO:colcon.colcon_core.shell:Creating package script '/home/bruno/auto_wt_scan_ws/install/wind_turbine_detection/share/wind_turbine_detection/package.zsh'
[2.664s] Level 1:colcon.colcon_core.environment:create_file_with_runtime_dependencies(/home/bruno/auto_wt_scan_ws/install/wind_turbine_detection/share/colcon-core/packages/wind_turbine_detection)
[2.664s] DEBUG:colcon.colcon_parallel_executor.executor.parallel:closing loop
[2.664s] DEBUG:colcon.colcon_parallel_executor.executor.parallel:loop closed
[2.665s] DEBUG:colcon.colcon_parallel_executor.executor.parallel:run_until_complete finished with '0'
[2.665s] DEBUG:colcon.colcon_core.event_reactor:joining thread
[2.670s] INFO:colcon.colcon_core.plugin_system:Skipping extension 'colcon_notification.desktop_notification.terminal_notifier': Not used on non-Darwin systems
[2.670s] INFO:colcon.colcon_core.plugin_system:Skipping extension 'colcon_notification.desktop_notification.win32': Not used on non-Windows systems
[2.670s] INFO:colcon.colcon_notification.desktop_notification:Sending desktop notification using 'notify2'
[2.680s] DEBUG:colcon.colcon_core.event_reactor:joined thread
[2.681s] INFO:colcon.colcon_core.shell:Creating prefix script '/home/bruno/auto_wt_scan_ws/install/local_setup.ps1'
[2.683s] INFO:colcon.colcon_core.shell:Creating prefix util module '/home/bruno/auto_wt_scan_ws/install/_local_setup_util_ps1.py'
[2.685s] INFO:colcon.colcon_core.shell:Creating prefix chain script '/home/bruno/auto_wt_scan_ws/install/setup.ps1'
[2.686s] INFO:colcon.colcon_core.shell:Creating prefix script '/home/bruno/auto_wt_scan_ws/install/local_setup.sh'
[2.687s] INFO:colcon.colcon_core.shell:Creating prefix util module '/home/bruno/auto_wt_scan_ws/install/_local_setup_util_sh.py'
[2.688s] INFO:colcon.colcon_core.shell:Creating prefix chain script '/home/bruno/auto_wt_scan_ws/install/setup.sh'
[2.689s] INFO:colcon.colcon_core.shell:Creating prefix script '/home/bruno/auto_wt_scan_ws/install/local_setup.bash'
[2.690s] INFO:colcon.colcon_core.shell:Creating prefix chain script '/home/bruno/auto_wt_scan_ws/install/setup.bash'
[2.691s] INFO:colcon.colcon_core.shell:Creating prefix script '/home/bruno/auto_wt_scan_ws/install/local_setup.zsh'
[2.692s] INFO:colcon.colcon_core.shell:Creating prefix chain script '/home/bruno/auto_wt_scan_ws/install/setup.zsh'
