[1.002s] Invoking command in '/home/bruno/auto_wt_scan_ws/src/wind_turbine_detection': PYTHONPATH=/home/bruno/auto_wt_scan_ws/build/wind_turbine_detection/prefix_override:/home/bruno/auto_wt_scan_ws/install/wind_turbine_detection/lib/python3.10/site-packages:${PYTHONPATH} /usr/bin/python3 -W ignore:setup.py install is deprecated setup.py egg_info --egg-base ../../build/wind_turbine_detection build --build-base /home/bruno/auto_wt_scan_ws/build/wind_turbine_detection/build install --record /home/bruno/auto_wt_scan_ws/build/wind_turbine_detection/install.log --single-version-externally-managed install_data
[1.214s] running egg_info
[1.228s] writing ../../build/wind_turbine_detection/wind_turbine_detection.egg-info/PKG-INFO
[1.228s] writing dependency_links to ../../build/wind_turbine_detection/wind_turbine_detection.egg-info/dependency_links.txt
[1.228s] writing entry points to ../../build/wind_turbine_detection/wind_turbine_detection.egg-info/entry_points.txt
[1.228s] writing requirements to ../../build/wind_turbine_detection/wind_turbine_detection.egg-info/requires.txt
[1.229s] writing top-level names to ../../build/wind_turbine_detection/wind_turbine_detection.egg-info/top_level.txt
[1.262s] reading manifest file '../../build/wind_turbine_detection/wind_turbine_detection.egg-info/SOURCES.txt'
[1.262s] adding license file 'LICENSE'
[1.262s] writing manifest file '../../build/wind_turbine_detection/wind_turbine_detection.egg-info/SOURCES.txt'
[1.262s] running build
[1.263s] running build_py
[1.263s] copying wind_turbine_detection/__init__.py -> /home/bruno/auto_wt_scan_ws/build/wind_turbine_detection/build/lib/wind_turbine_detection
[1.263s] copying wind_turbine_detection/image_subscriber.py -> /home/bruno/auto_wt_scan_ws/build/wind_turbine_detection/build/lib/wind_turbine_detection
[1.263s] copying wind_turbine_detection/__init__.py -> /home/bruno/auto_wt_scan_ws/build/wind_turbine_detection/build/lib/wind_turbine_detection
[1.263s] copying wind_turbine_detection/image_subscriber.py -> /home/bruno/auto_wt_scan_ws/build/wind_turbine_detection/build/lib/wind_turbine_detection
[1.264s] running install
[1.268s] running install_lib
[1.282s] running install_data
[1.282s] copying resource/wind_turbine_detection -> /home/bruno/auto_wt_scan_ws/install/wind_turbine_detection/share/ament_index/resource_index/packages
[1.282s] copying package.xml -> /home/bruno/auto_wt_scan_ws/install/wind_turbine_detection/share/wind_turbine_detection
[1.282s] running install_egg_info
[1.297s] removing '/home/bruno/auto_wt_scan_ws/install/wind_turbine_detection/lib/python3.10/site-packages/wind_turbine_detection-0.0.0-py3.10.egg-info' (and everything under it)
[1.297s] Copying ../../build/wind_turbine_detection/wind_turbine_detection.egg-info to /home/bruno/auto_wt_scan_ws/install/wind_turbine_detection/lib/python3.10/site-packages/wind_turbine_detection-0.0.0-py3.10.egg-info
[1.297s] running install_scripts
[1.423s] Installing image_subscriber script to /home/bruno/auto_wt_scan_ws/install/wind_turbine_detection/lib/wind_turbine_detection
[1.423s] writing list of installed files to '/home/bruno/auto_wt_scan_ws/build/wind_turbine_detection/install.log'
[1.452s] Invoked command in '/home/bruno/auto_wt_scan_ws/src/wind_turbine_detection' returned '0': PYTHONPATH=/home/bruno/auto_wt_scan_ws/build/wind_turbine_detection/prefix_override:/home/bruno/auto_wt_scan_ws/install/wind_turbine_detection/lib/python3.10/site-packages:${PYTHONPATH} /usr/bin/python3 -W ignore:setup.py install is deprecated setup.py egg_info --egg-base ../../build/wind_turbine_detection build --build-base /home/bruno/auto_wt_scan_ws/build/wind_turbine_detection/build install --record /home/bruno/auto_wt_scan_ws/build/wind_turbine_detection/install.log --single-version-externally-managed install_data
