[0.006s] Invoking command in '/home/bruno/auto_wt_scan_ws/build/px4_ros_com': AMENT_PREFIX_PATH=/home/bruno/auto_wt_scan_ws/install/px4_msgs:${AMENT_PREFIX_PATH} CMAKE_PREFIX_PATH=/home/bruno/auto_wt_scan_ws/install/px4_msgs:/opt/ros/humble LD_LIBRARY_PATH=/home/bruno/auto_wt_scan_ws/install/px4_msgs/lib:${LD_LIBRARY_PATH} PYTHONPATH=/home/bruno/auto_wt_scan_ws/install/px4_msgs/local/lib/python3.10/dist-packages:${PYTHONPATH} /usr/bin/cmake /home/bruno/auto_wt_scan_ws/src/px4_ros_com -DCMAKE_INSTALL_PREFIX=/home/bruno/auto_wt_scan_ws/install/px4_ros_com
[0.051s] -- The C compiler identification is GNU 11.4.0
[0.099s] -- The CXX compiler identification is GNU 11.4.0
[0.107s] -- Detecting C compiler ABI info
[0.154s] -- Detecting C compiler ABI info - done
[0.160s] -- Check for working C compiler: /usr/lib/ccache/cc - skipped
[0.160s] -- Detecting C compile features
[0.161s] -- Detecting C compile features - done
[0.163s] -- Detecting CXX compiler ABI info
[0.217s] -- Detecting CXX compiler ABI info - done
[0.223s] -- Check for working CXX compiler: /usr/lib/ccache/c++ - skipped
[0.224s] -- Detecting CXX compile features
[0.224s] -- Detecting CXX compile features - done
[0.226s] -- Found ament_cmake: 1.3.9 (/opt/ros/humble/share/ament_cmake/cmake)
[0.534s] -- Found Python3: /usr/bin/python3 (found version "3.10.12") found components: Interpreter 
[0.605s] -- Found builtin_interfaces: 1.2.1 (/opt/ros/humble/share/builtin_interfaces/cmake)
[0.636s] -- Found rosidl_generator_c: 3.1.5 (/opt/ros/humble/share/rosidl_generator_c/cmake)
[0.640s] -- Found rosidl_adapter: 3.1.5 (/opt/ros/humble/share/rosidl_adapter/cmake)
[0.647s] -- Found rosidl_generator_cpp: 3.1.5 (/opt/ros/humble/share/rosidl_generator_cpp/cmake)
[0.659s] -- Using all available rosidl_typesupport_c: rosidl_typesupport_fastrtps_c;rosidl_typesupport_introspection_c
[0.674s] -- Using all available rosidl_typesupport_cpp: rosidl_typesupport_fastrtps_cpp;rosidl_typesupport_introspection_cpp
[0.690s] -- Found eigen3_cmake_module: 0.1.1 (/opt/ros/humble/share/eigen3_cmake_module/cmake)
[0.699s] -- Found Eigen3: TRUE (found version "3.4.0") 
[0.701s] -- Found geometry_msgs: 4.2.4 (/opt/ros/humble/share/geometry_msgs/cmake)
[0.794s] -- Found px4_msgs: 2.0.1 (/home/bruno/auto_wt_scan_ws/install/px4_msgs/share/px4_msgs/cmake)
[0.832s] -- Found rclcpp: 16.0.9 (/opt/ros/humble/share/rclcpp/cmake)
[0.929s] -- Found rmw_implementation_cmake: 6.1.2 (/opt/ros/humble/share/rmw_implementation_cmake/cmake)
[0.933s] -- Found rmw_fastrtps_cpp: 6.2.6 (/opt/ros/humble/share/rmw_fastrtps_cpp/cmake)
[1.052s] -- Found OpenSSL: /usr/lib/x86_64-linux-gnu/libcrypto.so (found version "3.0.2")  
[1.080s] -- Found FastRTPS: /opt/ros/humble/include  
[1.129s] -- Using RMW implementation 'rmw_fastrtps_cpp' as default
[1.141s] -- Looking for pthread.h
[1.218s] -- Looking for pthread.h - found
[1.218s] -- Performing Test CMAKE_HAVE_LIBC_PTHREAD
[1.298s] -- Performing Test CMAKE_HAVE_LIBC_PTHREAD - Success
[1.299s] -- Found Threads: TRUE  
[1.421s] -- Found sensor_msgs: 4.2.4 (/opt/ros/humble/share/sensor_msgs/cmake)
[1.502s] -- Found rclpy: 3.3.13 (/opt/ros/humble/share/rclpy/cmake)
[1.510s] -- Found ament_lint_auto: 0.12.11 (/opt/ros/humble/share/ament_lint_auto/cmake)
[1.602s] -- Added test 'copyright' to check source files copyright and LICENSE
[1.606s] -- Added test 'cppcheck' to perform static code analysis on C / C++ code
[1.607s] -- Configured cppcheck include dirs: /home/bruno/auto_wt_scan_ws/src/px4_ros_com/include;$<BUILD_INTERFACE:/home/bruno/auto_wt_scan_ws/src/px4_ros_com/include/px4_ros_com>
[1.607s] -- Configured cppcheck exclude dirs and/or files: 
[1.611s] -- Added test 'cpplint' to check C / C++ code against the Google style
[1.611s] -- Configured cpplint exclude dirs and/or files: 
[1.612s] -- Added test 'flake8' to check Python code syntax and style conventions
[1.613s] -- Added test 'lint_cmake' to check CMake code style
[1.614s] -- Added test 'pep257' to check Python code against some of the docstring style conventions in PEP 257
[1.619s] -- Added test 'uncrustify' to check C / C++ code style
[1.619s] -- Configured uncrustify additional arguments: 
[1.620s] -- Added test 'xmllint' to check XML markup files
[1.621s] -- Configuring done
[1.642s] -- Generating done
[1.644s] -- Build files have been written to: /home/bruno/auto_wt_scan_ws/build/px4_ros_com
[1.652s] Invoked command in '/home/bruno/auto_wt_scan_ws/build/px4_ros_com' returned '0': AMENT_PREFIX_PATH=/home/bruno/auto_wt_scan_ws/install/px4_msgs:${AMENT_PREFIX_PATH} CMAKE_PREFIX_PATH=/home/bruno/auto_wt_scan_ws/install/px4_msgs:/opt/ros/humble LD_LIBRARY_PATH=/home/bruno/auto_wt_scan_ws/install/px4_msgs/lib:${LD_LIBRARY_PATH} PYTHONPATH=/home/bruno/auto_wt_scan_ws/install/px4_msgs/local/lib/python3.10/dist-packages:${PYTHONPATH} /usr/bin/cmake /home/bruno/auto_wt_scan_ws/src/px4_ros_com -DCMAKE_INSTALL_PREFIX=/home/bruno/auto_wt_scan_ws/install/px4_ros_com
[1.653s] Invoking command in '/home/bruno/auto_wt_scan_ws/build/px4_ros_com': AMENT_PREFIX_PATH=/home/bruno/auto_wt_scan_ws/install/px4_msgs:${AMENT_PREFIX_PATH} CMAKE_PREFIX_PATH=/home/bruno/auto_wt_scan_ws/install/px4_msgs:/opt/ros/humble LD_LIBRARY_PATH=/home/bruno/auto_wt_scan_ws/install/px4_msgs/lib:${LD_LIBRARY_PATH} PYTHONPATH=/home/bruno/auto_wt_scan_ws/install/px4_msgs/local/lib/python3.10/dist-packages:${PYTHONPATH} /usr/bin/cmake --build /home/bruno/auto_wt_scan_ws/build/px4_ros_com -- -j8 -l8
[1.700s] [  8%] [32mBuilding CXX object CMakeFiles/frame_transforms.dir/src/lib/frame_transforms.cpp.o[0m
[1.702s] [ 16%] [32mBuilding CXX object CMakeFiles/debug_vect_advertiser.dir/src/examples/advertisers/debug_vect_advertiser.cpp.o[0m
[1.702s] [ 33%] [32mBuilding CXX object CMakeFiles/sensor_combined_listener.dir/src/examples/listeners/sensor_combined_listener.cpp.o[0m
[1.702s] [ 33%] [32mBuilding CXX object CMakeFiles/offboard_control_srv.dir/src/examples/offboard/offboard_control_srv.cpp.o[0m
[1.702s] [ 41%] [32mBuilding CXX object CMakeFiles/offboard_control.dir/src/examples/offboard/offboard_control.cpp.o[0m
[1.708s] [ 50%] [32mBuilding CXX object CMakeFiles/vehicle_gps_position_listener.dir/src/examples/listeners/vehicle_gps_position_listener.cpp.o[0m
[1.714s] [ 50%] Built target ament_cmake_python_copy_px4_ros_com
[2.061s] running egg_info
[2.062s] creating px4_ros_com.egg-info
[2.086s] writing px4_ros_com.egg-info/PKG-INFO
[2.086s] writing dependency_links to px4_ros_com.egg-info/dependency_links.txt
[2.086s] writing top-level names to px4_ros_com.egg-info/top_level.txt
[2.086s] writing manifest file 'px4_ros_com.egg-info/SOURCES.txt'
[2.160s] reading manifest file 'px4_ros_com.egg-info/SOURCES.txt'
[2.160s] writing manifest file 'px4_ros_com.egg-info/SOURCES.txt'
[2.192s] [ 50%] Built target ament_cmake_python_build_px4_ros_com_egg
[7.268s] [ 58%] [32m[1mLinking CXX executable debug_vect_advertiser[0m
[7.568s] [ 58%] Built target debug_vect_advertiser
[8.284s] [ 66%] [32m[1mLinking CXX executable offboard_control[0m
[8.524s] [ 66%] Built target offboard_control
[9.004s] [ 75%] [32m[1mLinking CXX executable offboard_control_srv[0m
[9.242s] [ 75%] Built target offboard_control_srv
[10.198s] [ 83%] [32m[1mLinking CXX shared library libframe_transforms.so[0m
[10.418s] [ 83%] Built target frame_transforms
[10.641s] [ 91%] [32m[1mLinking CXX executable sensor_combined_listener[0m
[10.940s] [ 91%] Built target sensor_combined_listener
[11.170s] [100%] [32m[1mLinking CXX executable vehicle_gps_position_listener[0m
[11.451s] [100%] Built target vehicle_gps_position_listener
[11.461s] Invoked command in '/home/bruno/auto_wt_scan_ws/build/px4_ros_com' returned '0': AMENT_PREFIX_PATH=/home/bruno/auto_wt_scan_ws/install/px4_msgs:${AMENT_PREFIX_PATH} CMAKE_PREFIX_PATH=/home/bruno/auto_wt_scan_ws/install/px4_msgs:/opt/ros/humble LD_LIBRARY_PATH=/home/bruno/auto_wt_scan_ws/install/px4_msgs/lib:${LD_LIBRARY_PATH} PYTHONPATH=/home/bruno/auto_wt_scan_ws/install/px4_msgs/local/lib/python3.10/dist-packages:${PYTHONPATH} /usr/bin/cmake --build /home/bruno/auto_wt_scan_ws/build/px4_ros_com -- -j8 -l8
[11.494s] Invoking command in '/home/bruno/auto_wt_scan_ws/build/px4_ros_com': AMENT_PREFIX_PATH=/home/bruno/auto_wt_scan_ws/install/px4_msgs:${AMENT_PREFIX_PATH} CMAKE_PREFIX_PATH=/home/bruno/auto_wt_scan_ws/install/px4_msgs:/opt/ros/humble LD_LIBRARY_PATH=/home/bruno/auto_wt_scan_ws/install/px4_msgs/lib:${LD_LIBRARY_PATH} PYTHONPATH=/home/bruno/auto_wt_scan_ws/install/px4_msgs/local/lib/python3.10/dist-packages:${PYTHONPATH} /usr/bin/cmake --install /home/bruno/auto_wt_scan_ws/build/px4_ros_com
[11.500s] -- Install configuration: ""
[11.500s] -- Installing: /home/bruno/auto_wt_scan_ws/install/px4_ros_com/lib/px4_ros_com/sensor_combined_listener
[11.503s] -- Set runtime path of "/home/bruno/auto_wt_scan_ws/install/px4_ros_com/lib/px4_ros_com/sensor_combined_listener" to ""
[11.503s] -- Installing: /home/bruno/auto_wt_scan_ws/install/px4_ros_com/lib/px4_ros_com/vehicle_gps_position_listener
[11.506s] -- Set runtime path of "/home/bruno/auto_wt_scan_ws/install/px4_ros_com/lib/px4_ros_com/vehicle_gps_position_listener" to ""
[11.506s] -- Installing: /home/bruno/auto_wt_scan_ws/install/px4_ros_com/lib/px4_ros_com/debug_vect_advertiser
[11.507s] -- Set runtime path of "/home/bruno/auto_wt_scan_ws/install/px4_ros_com/lib/px4_ros_com/debug_vect_advertiser" to ""
[11.507s] -- Installing: /home/bruno/auto_wt_scan_ws/install/px4_ros_com/lib/px4_ros_com/offboard_control
[11.509s] -- Set runtime path of "/home/bruno/auto_wt_scan_ws/install/px4_ros_com/lib/px4_ros_com/offboard_control" to ""
[11.509s] -- Installing: /home/bruno/auto_wt_scan_ws/install/px4_ros_com/lib/px4_ros_com/offboard_control_srv
[11.510s] -- Set runtime path of "/home/bruno/auto_wt_scan_ws/install/px4_ros_com/lib/px4_ros_com/offboard_control_srv" to ""
[11.510s] -- Installing: /home/bruno/auto_wt_scan_ws/install/px4_ros_com/share/px4_ros_com/environment/library_path.sh
[11.510s] -- Installing: /home/bruno/auto_wt_scan_ws/install/px4_ros_com/share/px4_ros_com/environment/library_path.dsv
[11.511s] -- Installing: /home/bruno/auto_wt_scan_ws/install/px4_ros_com/include/px4_ros_com
[11.511s] -- Installing: /home/bruno/auto_wt_scan_ws/install/px4_ros_com/include/px4_ros_com/frame_transforms.h
[11.511s] -- Installing: /home/bruno/auto_wt_scan_ws/install/px4_ros_com/lib/libframe_transforms.so
[11.514s] -- Set runtime path of "/home/bruno/auto_wt_scan_ws/install/px4_ros_com/lib/libframe_transforms.so" to ""
[11.514s] -- Installing: /home/bruno/auto_wt_scan_ws/install/px4_ros_com/share/px4_ros_com//launch
[11.514s] -- Installing: /home/bruno/auto_wt_scan_ws/install/px4_ros_com/share/px4_ros_com//launch/sensor_combined_listener.launch.py
[11.514s] -- Installing: /home/bruno/auto_wt_scan_ws/install/px4_ros_com/share/px4_ros_com//launch/offboard_control_launch.yaml
[11.514s] -- Installing: /home/bruno/auto_wt_scan_ws/install/px4_ros_com/share/px4_ros_com//test
[11.514s] -- Installing: /home/bruno/auto_wt_scan_ws/install/px4_ros_com/share/px4_ros_com//test/test_input.py
[11.515s] -- Installing: /home/bruno/auto_wt_scan_ws/install/px4_ros_com/share/px4_ros_com//test/pipeline_io_test.py
[11.515s] -- Installing: /home/bruno/auto_wt_scan_ws/install/px4_ros_com/share/px4_ros_com//test/test_output.py
[11.515s] -- Installing: /home/bruno/auto_wt_scan_ws/install/px4_ros_com/share/px4_ros_com//test/__init__.py
[11.515s] -- Installing: /home/bruno/auto_wt_scan_ws/install/px4_ros_com/share/px4_ros_com/environment/pythonpath.sh
[11.515s] -- Installing: /home/bruno/auto_wt_scan_ws/install/px4_ros_com/share/px4_ros_com/environment/pythonpath.dsv
[11.515s] -- Installing: /home/bruno/auto_wt_scan_ws/install/px4_ros_com/local/lib/python3.10/dist-packages/px4_ros_com-0.1.0-py3.10.egg-info
[11.515s] -- Installing: /home/bruno/auto_wt_scan_ws/install/px4_ros_com/local/lib/python3.10/dist-packages/px4_ros_com-0.1.0-py3.10.egg-info/PKG-INFO
[11.515s] -- Installing: /home/bruno/auto_wt_scan_ws/install/px4_ros_com/local/lib/python3.10/dist-packages/px4_ros_com-0.1.0-py3.10.egg-info/top_level.txt
[11.515s] -- Installing: /home/bruno/auto_wt_scan_ws/install/px4_ros_com/local/lib/python3.10/dist-packages/px4_ros_com-0.1.0-py3.10.egg-info/dependency_links.txt
[11.516s] -- Installing: /home/bruno/auto_wt_scan_ws/install/px4_ros_com/local/lib/python3.10/dist-packages/px4_ros_com-0.1.0-py3.10.egg-info/SOURCES.txt
[11.516s] -- Installing: /home/bruno/auto_wt_scan_ws/install/px4_ros_com/local/lib/python3.10/dist-packages/px4_ros_com
[11.516s] -- Installing: /home/bruno/auto_wt_scan_ws/install/px4_ros_com/local/lib/python3.10/dist-packages/px4_ros_com/module_to_import.py
[11.516s] -- Installing: /home/bruno/auto_wt_scan_ws/install/px4_ros_com/local/lib/python3.10/dist-packages/px4_ros_com/__init__.py
[11.541s] Listing '/home/bruno/auto_wt_scan_ws/install/px4_ros_com/local/lib/python3.10/dist-packages/px4_ros_com'...
[11.541s] Compiling '/home/bruno/auto_wt_scan_ws/install/px4_ros_com/local/lib/python3.10/dist-packages/px4_ros_com/__init__.py'...
[11.542s] Compiling '/home/bruno/auto_wt_scan_ws/install/px4_ros_com/local/lib/python3.10/dist-packages/px4_ros_com/module_to_import.py'...
[11.545s] -- Installing: /home/bruno/auto_wt_scan_ws/install/px4_ros_com/lib/px4_ros_com/offboard_control.py
[11.545s] -- Installing: /home/bruno/auto_wt_scan_ws/install/px4_ros_com/share/ament_index/resource_index/package_run_dependencies/px4_ros_com
[11.545s] -- Installing: /home/bruno/auto_wt_scan_ws/install/px4_ros_com/share/ament_index/resource_index/parent_prefix_path/px4_ros_com
[11.545s] -- Installing: /home/bruno/auto_wt_scan_ws/install/px4_ros_com/share/px4_ros_com/environment/ament_prefix_path.sh
[11.545s] -- Installing: /home/bruno/auto_wt_scan_ws/install/px4_ros_com/share/px4_ros_com/environment/ament_prefix_path.dsv
[11.545s] -- Installing: /home/bruno/auto_wt_scan_ws/install/px4_ros_com/share/px4_ros_com/environment/path.sh
[11.545s] -- Installing: /home/bruno/auto_wt_scan_ws/install/px4_ros_com/share/px4_ros_com/environment/path.dsv
[11.546s] -- Installing: /home/bruno/auto_wt_scan_ws/install/px4_ros_com/share/px4_ros_com/local_setup.bash
[11.546s] -- Installing: /home/bruno/auto_wt_scan_ws/install/px4_ros_com/share/px4_ros_com/local_setup.sh
[11.546s] -- Installing: /home/bruno/auto_wt_scan_ws/install/px4_ros_com/share/px4_ros_com/local_setup.zsh
[11.546s] -- Installing: /home/bruno/auto_wt_scan_ws/install/px4_ros_com/share/px4_ros_com/local_setup.dsv
[11.546s] -- Installing: /home/bruno/auto_wt_scan_ws/install/px4_ros_com/share/px4_ros_com/package.dsv
[11.546s] -- Installing: /home/bruno/auto_wt_scan_ws/install/px4_ros_com/share/ament_index/resource_index/packages/px4_ros_com
[11.546s] -- Installing: /home/bruno/auto_wt_scan_ws/install/px4_ros_com/share/px4_ros_com/cmake/export_frame_transformsExport.cmake
[11.546s] -- Installing: /home/bruno/auto_wt_scan_ws/install/px4_ros_com/share/px4_ros_com/cmake/export_frame_transformsExport-noconfig.cmake
[11.547s] -- Installing: /home/bruno/auto_wt_scan_ws/install/px4_ros_com/share/px4_ros_com/cmake/ament_cmake_export_dependencies-extras.cmake
[11.547s] -- Installing: /home/bruno/auto_wt_scan_ws/install/px4_ros_com/share/px4_ros_com/cmake/ament_cmake_export_targets-extras.cmake
[11.547s] -- Installing: /home/bruno/auto_wt_scan_ws/install/px4_ros_com/share/px4_ros_com/cmake/ament_cmake_export_include_directories-extras.cmake
[11.547s] -- Installing: /home/bruno/auto_wt_scan_ws/install/px4_ros_com/share/px4_ros_com/cmake/ament_cmake_export_libraries-extras.cmake
[11.547s] -- Installing: /home/bruno/auto_wt_scan_ws/install/px4_ros_com/share/px4_ros_com/cmake/px4_ros_comConfig.cmake
[11.547s] -- Installing: /home/bruno/auto_wt_scan_ws/install/px4_ros_com/share/px4_ros_com/cmake/px4_ros_comConfig-version.cmake
[11.547s] -- Installing: /home/bruno/auto_wt_scan_ws/install/px4_ros_com/share/px4_ros_com/package.xml
[11.549s] Invoked command in '/home/bruno/auto_wt_scan_ws/build/px4_ros_com' returned '0': AMENT_PREFIX_PATH=/home/bruno/auto_wt_scan_ws/install/px4_msgs:${AMENT_PREFIX_PATH} CMAKE_PREFIX_PATH=/home/bruno/auto_wt_scan_ws/install/px4_msgs:/opt/ros/humble LD_LIBRARY_PATH=/home/bruno/auto_wt_scan_ws/install/px4_msgs/lib:${LD_LIBRARY_PATH} PYTHONPATH=/home/bruno/auto_wt_scan_ws/install/px4_msgs/local/lib/python3.10/dist-packages:${PYTHONPATH} /usr/bin/cmake --install /home/bruno/auto_wt_scan_ws/build/px4_ros_com
