[0.095s] DEBUG:colcon:Command line arguments: ['/usr/bin/colcon', 'build', '--packages-select', 'wind_turbine_detection', 'wind_turbine_inspection']
[0.095s] DEBUG:colcon:Parsed command line arguments: Namespace(log_base=None, log_level=None, verb_name='build', build_base='build', install_base='install', merge_install=False, symlink_install=False, test_result_base=None, continue_on_error=False, executor='parallel', parallel_workers=8, event_handlers=None, ignore_user_meta=False, metas=['./colcon.meta'], base_paths=['.'], packages_ignore=None, packages_ignore_regex=None, paths=None, packages_up_to=None, packages_up_to_regex=None, packages_above=None, packages_above_and_dependencies=None, packages_above_depth=None, packages_select_by_dep=None, packages_skip_by_dep=None, packages_skip_up_to=None, packages_select_build_failed=False, packages_skip_build_finished=False, packages_select_test_failures=False, packages_skip_test_passed=False, packages_select=['wind_turbine_detection', 'wind_turbine_inspection'], packages_skip=None, packages_select_regex=None, packages_skip_regex=None, packages_start=None, packages_end=None, allow_overriding=[], cmake_args=None, cmake_target=None, cmake_target_skip_unavailable=False, cmake_clean_cache=False, cmake_clean_first=False, cmake_force_configure=False, ament_cmake_args=None, catkin_cmake_args=None, catkin_skip_building_tests=False, mixin_files=None, mixin=None, verb_parser=<colcon_mixin.mixin.mixin_argument.MixinArgumentDecorator object at 0x7475d7537400>, verb_extension=<colcon_core.verb.build.BuildVerb object at 0x7475d7536e90>, main=<bound method BuildVerb.main of <colcon_core.verb.build.BuildVerb object at 0x7475d7536e90>>, mixin_verb=('build',))
[0.128s] Level 1:colcon.colcon_core.package_discovery:discover_packages(colcon_meta) check parameters
[0.128s] Level 1:colcon.colcon_core.package_discovery:discover_packages(recursive) check parameters
[0.128s] Level 1:colcon.colcon_core.package_discovery:discover_packages(ignore) check parameters
[0.129s] Level 1:colcon.colcon_core.package_discovery:discover_packages(path) check parameters
[0.129s] Level 1:colcon.colcon_core.package_discovery:discover_packages(colcon_meta) discover
[0.129s] Level 1:colcon.colcon_core.package_discovery:discover_packages(recursive) discover
[0.129s] INFO:colcon.colcon_core.package_discovery:Crawling recursively for packages in '/home/bruno/auto_wt_scan_ws'
[0.129s] Level 1:colcon.colcon_core.package_identification:_identify(.) by extensions ['ignore', 'ignore_ament_install']
[0.129s] Level 1:colcon.colcon_core.package_identification:_identify(.) by extension 'ignore'
[0.129s] Level 1:colcon.colcon_core.package_identification:_identify(.) by extension 'ignore_ament_install'
[0.129s] Level 1:colcon.colcon_core.package_identification:_identify(.) by extensions ['colcon_pkg']
[0.129s] Level 1:colcon.colcon_core.package_identification:_identify(.) by extension 'colcon_pkg'
[0.129s] Level 1:colcon.colcon_core.package_identification:_identify(.) by extensions ['colcon_meta']
[0.129s] Level 1:colcon.colcon_core.package_identification:_identify(.) by extension 'colcon_meta'
[0.129s] Level 1:colcon.colcon_core.package_identification:_identify(.) by extensions ['ros']
[0.129s] Level 1:colcon.colcon_core.package_identification:_identify(.) by extension 'ros'
[0.141s] Level 1:colcon.colcon_core.package_identification:_identify(.) by extensions ['cmake', 'python']
[0.141s] Level 1:colcon.colcon_core.package_identification:_identify(.) by extension 'cmake'
[0.141s] Level 1:colcon.colcon_core.package_identification:_identify(.) by extension 'python'
[0.141s] Level 1:colcon.colcon_core.package_identification:_identify(.) by extensions ['python_setup_py']
[0.141s] Level 1:colcon.colcon_core.package_identification:_identify(.) by extension 'python_setup_py'
[0.141s] Level 1:colcon.colcon_core.package_identification:_identify(build) by extensions ['ignore', 'ignore_ament_install']
[0.142s] Level 1:colcon.colcon_core.package_identification:_identify(build) by extension 'ignore'
[0.142s] Level 1:colcon.colcon_core.package_identification:_identify(build) ignored
[0.142s] Level 1:colcon.colcon_core.package_identification:_identify(install) by extensions ['ignore', 'ignore_ament_install']
[0.142s] Level 1:colcon.colcon_core.package_identification:_identify(install) by extension 'ignore'
[0.142s] Level 1:colcon.colcon_core.package_identification:_identify(install) ignored
[0.142s] Level 1:colcon.colcon_core.package_identification:_identify(log) by extensions ['ignore', 'ignore_ament_install']
[0.142s] Level 1:colcon.colcon_core.package_identification:_identify(log) by extension 'ignore'
[0.142s] Level 1:colcon.colcon_core.package_identification:_identify(log) ignored
[0.142s] Level 1:colcon.colcon_core.package_identification:_identify(src) by extensions ['ignore', 'ignore_ament_install']
[0.142s] Level 1:colcon.colcon_core.package_identification:_identify(src) by extension 'ignore'
[0.142s] Level 1:colcon.colcon_core.package_identification:_identify(src) by extension 'ignore_ament_install'
[0.142s] Level 1:colcon.colcon_core.package_identification:_identify(src) by extensions ['colcon_pkg']
[0.142s] Level 1:colcon.colcon_core.package_identification:_identify(src) by extension 'colcon_pkg'
[0.142s] Level 1:colcon.colcon_core.package_identification:_identify(src) by extensions ['colcon_meta']
[0.142s] Level 1:colcon.colcon_core.package_identification:_identify(src) by extension 'colcon_meta'
[0.142s] Level 1:colcon.colcon_core.package_identification:_identify(src) by extensions ['ros']
[0.142s] Level 1:colcon.colcon_core.package_identification:_identify(src) by extension 'ros'
[0.142s] Level 1:colcon.colcon_core.package_identification:_identify(src) by extensions ['cmake', 'python']
[0.142s] Level 1:colcon.colcon_core.package_identification:_identify(src) by extension 'cmake'
[0.142s] Level 1:colcon.colcon_core.package_identification:_identify(src) by extension 'python'
[0.142s] Level 1:colcon.colcon_core.package_identification:_identify(src) by extensions ['python_setup_py']
[0.143s] Level 1:colcon.colcon_core.package_identification:_identify(src) by extension 'python_setup_py'
[0.143s] Level 1:colcon.colcon_core.package_identification:_identify(src/px4_msgs) by extensions ['ignore', 'ignore_ament_install']
[0.143s] Level 1:colcon.colcon_core.package_identification:_identify(src/px4_msgs) by extension 'ignore'
[0.143s] Level 1:colcon.colcon_core.package_identification:_identify(src/px4_msgs) by extension 'ignore_ament_install'
[0.143s] Level 1:colcon.colcon_core.package_identification:_identify(src/px4_msgs) by extensions ['colcon_pkg']
[0.143s] Level 1:colcon.colcon_core.package_identification:_identify(src/px4_msgs) by extension 'colcon_pkg'
[0.143s] Level 1:colcon.colcon_core.package_identification:_identify(src/px4_msgs) by extensions ['colcon_meta']
[0.143s] Level 1:colcon.colcon_core.package_identification:_identify(src/px4_msgs) by extension 'colcon_meta'
[0.143s] Level 1:colcon.colcon_core.package_identification:_identify(src/px4_msgs) by extensions ['ros']
[0.143s] Level 1:colcon.colcon_core.package_identification:_identify(src/px4_msgs) by extension 'ros'
[0.145s] DEBUG:colcon.colcon_core.package_identification:Package 'src/px4_msgs' with type 'ros.ament_cmake' and name 'px4_msgs'
[0.145s] Level 1:colcon.colcon_core.package_identification:_identify(src/px4_ros_com) by extensions ['ignore', 'ignore_ament_install']
[0.145s] Level 1:colcon.colcon_core.package_identification:_identify(src/px4_ros_com) by extension 'ignore'
[0.145s] Level 1:colcon.colcon_core.package_identification:_identify(src/px4_ros_com) by extension 'ignore_ament_install'
[0.146s] Level 1:colcon.colcon_core.package_identification:_identify(src/px4_ros_com) by extensions ['colcon_pkg']
[0.146s] Level 1:colcon.colcon_core.package_identification:_identify(src/px4_ros_com) by extension 'colcon_pkg'
[0.146s] Level 1:colcon.colcon_core.package_identification:_identify(src/px4_ros_com) by extensions ['colcon_meta']
[0.146s] Level 1:colcon.colcon_core.package_identification:_identify(src/px4_ros_com) by extension 'colcon_meta'
[0.146s] Level 1:colcon.colcon_core.package_identification:_identify(src/px4_ros_com) by extensions ['ros']
[0.146s] Level 1:colcon.colcon_core.package_identification:_identify(src/px4_ros_com) by extension 'ros'
[0.147s] DEBUG:colcon.colcon_core.package_identification:Package 'src/px4_ros_com' with type 'ros.ament_cmake' and name 'px4_ros_com'
[0.147s] Level 1:colcon.colcon_core.package_identification:_identify(src/wind_turbine_detection) by extensions ['ignore', 'ignore_ament_install']
[0.147s] Level 1:colcon.colcon_core.package_identification:_identify(src/wind_turbine_detection) by extension 'ignore'
[0.147s] Level 1:colcon.colcon_core.package_identification:_identify(src/wind_turbine_detection) by extension 'ignore_ament_install'
[0.147s] Level 1:colcon.colcon_core.package_identification:_identify(src/wind_turbine_detection) by extensions ['colcon_pkg']
[0.147s] Level 1:colcon.colcon_core.package_identification:_identify(src/wind_turbine_detection) by extension 'colcon_pkg'
[0.147s] Level 1:colcon.colcon_core.package_identification:_identify(src/wind_turbine_detection) by extensions ['colcon_meta']
[0.147s] Level 1:colcon.colcon_core.package_identification:_identify(src/wind_turbine_detection) by extension 'colcon_meta'
[0.147s] Level 1:colcon.colcon_core.package_identification:_identify(src/wind_turbine_detection) by extensions ['ros']
[0.147s] Level 1:colcon.colcon_core.package_identification:_identify(src/wind_turbine_detection) by extension 'ros'
[0.148s] DEBUG:colcon.colcon_core.package_identification:Package 'src/wind_turbine_detection' with type 'ros.ament_python' and name 'wind_turbine_detection'
[0.148s] Level 1:colcon.colcon_core.package_identification:_identify(src/wind_turbine_inspection) by extensions ['ignore', 'ignore_ament_install']
[0.148s] Level 1:colcon.colcon_core.package_identification:_identify(src/wind_turbine_inspection) by extension 'ignore'
[0.148s] Level 1:colcon.colcon_core.package_identification:_identify(src/wind_turbine_inspection) by extension 'ignore_ament_install'
[0.148s] Level 1:colcon.colcon_core.package_identification:_identify(src/wind_turbine_inspection) by extensions ['colcon_pkg']
[0.148s] Level 1:colcon.colcon_core.package_identification:_identify(src/wind_turbine_inspection) by extension 'colcon_pkg'
[0.148s] Level 1:colcon.colcon_core.package_identification:_identify(src/wind_turbine_inspection) by extensions ['colcon_meta']
[0.148s] Level 1:colcon.colcon_core.package_identification:_identify(src/wind_turbine_inspection) by extension 'colcon_meta'
[0.148s] Level 1:colcon.colcon_core.package_identification:_identify(src/wind_turbine_inspection) by extensions ['ros']
[0.148s] Level 1:colcon.colcon_core.package_identification:_identify(src/wind_turbine_inspection) by extension 'ros'
[0.149s] DEBUG:colcon.colcon_core.package_identification:Package 'src/wind_turbine_inspection' with type 'ros.ament_python' and name 'wind_turbine_inspection'
[0.149s] Level 1:colcon.colcon_core.package_discovery:discover_packages(recursive) using defaults
[0.149s] Level 1:colcon.colcon_core.package_discovery:discover_packages(ignore) discover
[0.149s] Level 1:colcon.colcon_core.package_discovery:discover_packages(ignore) using defaults
[0.149s] Level 1:colcon.colcon_core.package_discovery:discover_packages(path) discover
[0.149s] Level 1:colcon.colcon_core.package_discovery:discover_packages(path) using defaults
[0.165s] INFO:colcon.colcon_core.package_selection:Skipping not selected package 'px4_msgs' in 'src/px4_msgs'
[0.165s] INFO:colcon.colcon_core.package_selection:Skipping not selected package 'px4_ros_com' in 'src/px4_ros_com'
[0.166s] Level 1:colcon.colcon_core.package_discovery:discover_packages(prefix_path) check parameters
[0.166s] Level 1:colcon.colcon_core.package_discovery:discover_packages(prefix_path) discover
[0.167s] DEBUG:colcon.colcon_installed_package_information.package_discovery:Found 4 installed packages in /home/bruno/auto_wt_scan_ws/install
[0.168s] DEBUG:colcon.colcon_installed_package_information.package_discovery:Found 285 installed packages in /opt/ros/humble
[0.169s] Level 1:colcon.colcon_core.package_discovery:discover_packages(prefix_path) using defaults
[0.201s] Level 5:colcon.colcon_core.verb:set package 'wind_turbine_detection' build argument 'cmake_args' from command line to 'None'
[0.201s] Level 5:colcon.colcon_core.verb:set package 'wind_turbine_detection' build argument 'cmake_target' from command line to 'None'
[0.201s] Level 5:colcon.colcon_core.verb:set package 'wind_turbine_detection' build argument 'cmake_target_skip_unavailable' from command line to 'False'
[0.201s] Level 5:colcon.colcon_core.verb:set package 'wind_turbine_detection' build argument 'cmake_clean_cache' from command line to 'False'
[0.201s] Level 5:colcon.colcon_core.verb:set package 'wind_turbine_detection' build argument 'cmake_clean_first' from command line to 'False'
[0.201s] Level 5:colcon.colcon_core.verb:set package 'wind_turbine_detection' build argument 'cmake_force_configure' from command line to 'False'
[0.201s] Level 5:colcon.colcon_core.verb:set package 'wind_turbine_detection' build argument 'ament_cmake_args' from command line to 'None'
[0.201s] Level 5:colcon.colcon_core.verb:set package 'wind_turbine_detection' build argument 'catkin_cmake_args' from command line to 'None'
[0.201s] Level 5:colcon.colcon_core.verb:set package 'wind_turbine_detection' build argument 'catkin_skip_building_tests' from command line to 'False'
[0.201s] DEBUG:colcon.colcon_core.verb:Building package 'wind_turbine_detection' with the following arguments: {'ament_cmake_args': None, 'build_base': '/home/bruno/auto_wt_scan_ws/build/wind_turbine_detection', 'catkin_cmake_args': None, 'catkin_skip_building_tests': False, 'cmake_args': None, 'cmake_clean_cache': False, 'cmake_clean_first': False, 'cmake_force_configure': False, 'cmake_target': None, 'cmake_target_skip_unavailable': False, 'install_base': '/home/bruno/auto_wt_scan_ws/install/wind_turbine_detection', 'merge_install': False, 'path': '/home/bruno/auto_wt_scan_ws/src/wind_turbine_detection', 'symlink_install': False, 'test_result_base': None}
[0.202s] Level 5:colcon.colcon_core.verb:set package 'wind_turbine_inspection' build argument 'cmake_args' from command line to 'None'
[0.202s] Level 5:colcon.colcon_core.verb:set package 'wind_turbine_inspection' build argument 'cmake_target' from command line to 'None'
[0.202s] Level 5:colcon.colcon_core.verb:set package 'wind_turbine_inspection' build argument 'cmake_target_skip_unavailable' from command line to 'False'
[0.202s] Level 5:colcon.colcon_core.verb:set package 'wind_turbine_inspection' build argument 'cmake_clean_cache' from command line to 'False'
[0.202s] Level 5:colcon.colcon_core.verb:set package 'wind_turbine_inspection' build argument 'cmake_clean_first' from command line to 'False'
[0.202s] Level 5:colcon.colcon_core.verb:set package 'wind_turbine_inspection' build argument 'cmake_force_configure' from command line to 'False'
[0.202s] Level 5:colcon.colcon_core.verb:set package 'wind_turbine_inspection' build argument 'ament_cmake_args' from command line to 'None'
[0.202s] Level 5:colcon.colcon_core.verb:set package 'wind_turbine_inspection' build argument 'catkin_cmake_args' from command line to 'None'
[0.202s] Level 5:colcon.colcon_core.verb:set package 'wind_turbine_inspection' build argument 'catkin_skip_building_tests' from command line to 'False'
[0.202s] DEBUG:colcon.colcon_core.verb:Building package 'wind_turbine_inspection' with the following arguments: {'ament_cmake_args': None, 'build_base': '/home/bruno/auto_wt_scan_ws/build/wind_turbine_inspection', 'catkin_cmake_args': None, 'catkin_skip_building_tests': False, 'cmake_args': None, 'cmake_clean_cache': False, 'cmake_clean_first': False, 'cmake_force_configure': False, 'cmake_target': None, 'cmake_target_skip_unavailable': False, 'install_base': '/home/bruno/auto_wt_scan_ws/install/wind_turbine_inspection', 'merge_install': False, 'path': '/home/bruno/auto_wt_scan_ws/src/wind_turbine_inspection', 'symlink_install': False, 'test_result_base': None}
[0.202s] INFO:colcon.colcon_core.executor:Executing jobs using 'parallel' executor
[0.203s] DEBUG:colcon.colcon_parallel_executor.executor.parallel:run_until_complete
[0.203s] INFO:colcon.colcon_ros.task.ament_python.build:Building ROS package in '/home/bruno/auto_wt_scan_ws/src/wind_turbine_detection' with build type 'ament_python'
[0.203s] Level 1:colcon.colcon_core.shell:create_environment_hook('wind_turbine_detection', 'ament_prefix_path')
[0.205s] INFO:colcon.colcon_core.plugin_system:Skipping extension 'colcon_core.shell.bat': Not used on non-Windows systems
[0.205s] INFO:colcon.colcon_core.shell:Creating environment hook '/home/bruno/auto_wt_scan_ws/install/wind_turbine_detection/share/wind_turbine_detection/hook/ament_prefix_path.ps1'
[0.205s] INFO:colcon.colcon_core.shell:Creating environment descriptor '/home/bruno/auto_wt_scan_ws/install/wind_turbine_detection/share/wind_turbine_detection/hook/ament_prefix_path.dsv'
[0.206s] INFO:colcon.colcon_core.shell:Creating environment hook '/home/bruno/auto_wt_scan_ws/install/wind_turbine_detection/share/wind_turbine_detection/hook/ament_prefix_path.sh'
[0.206s] INFO:colcon.colcon_core.shell:Skip shell extension 'powershell' for command environment: Not usable outside of PowerShell
[0.206s] DEBUG:colcon.colcon_core.shell:Skip shell extension 'dsv' for command environment
[0.209s] INFO:colcon.colcon_ros.task.ament_python.build:Building ROS package in '/home/bruno/auto_wt_scan_ws/src/wind_turbine_inspection' with build type 'ament_python'
[0.209s] Level 1:colcon.colcon_core.shell:create_environment_hook('wind_turbine_inspection', 'ament_prefix_path')
[0.209s] INFO:colcon.colcon_core.shell:Creating environment hook '/home/bruno/auto_wt_scan_ws/install/wind_turbine_inspection/share/wind_turbine_inspection/hook/ament_prefix_path.ps1'
[0.209s] INFO:colcon.colcon_core.shell:Creating environment descriptor '/home/bruno/auto_wt_scan_ws/install/wind_turbine_inspection/share/wind_turbine_inspection/hook/ament_prefix_path.dsv'
[0.209s] INFO:colcon.colcon_core.shell:Creating environment hook '/home/bruno/auto_wt_scan_ws/install/wind_turbine_inspection/share/wind_turbine_inspection/hook/ament_prefix_path.sh'
[0.210s] INFO:colcon.colcon_core.shell:Skip shell extension 'powershell' for command environment: Not usable outside of PowerShell
[0.210s] DEBUG:colcon.colcon_core.shell:Skip shell extension 'dsv' for command environment
[0.407s] INFO:colcon.colcon_core.task.python.build:Building Python package in '/home/bruno/auto_wt_scan_ws/src/wind_turbine_detection'
[0.408s] INFO:colcon.colcon_core.shell:Skip shell extension 'powershell' for command environment: Not usable outside of PowerShell
[0.408s] DEBUG:colcon.colcon_core.shell:Skip shell extension 'dsv' for command environment
[0.594s] INFO:colcon.colcon_core.task.python.build:Building Python package in '/home/bruno/auto_wt_scan_ws/src/wind_turbine_inspection'
[0.594s] INFO:colcon.colcon_core.shell:Skip shell extension 'powershell' for command environment: Not usable outside of PowerShell
[0.594s] DEBUG:colcon.colcon_core.shell:Skip shell extension 'dsv' for command environment
[1.170s] DEBUG:colcon.colcon_core.event_handler.log_command:Invoking command in '/home/bruno/auto_wt_scan_ws/src/wind_turbine_detection': CMAKE_PREFIX_PATH=/home/bruno/auto_wt_scan_ws/install/px4_msgs:/home/bruno/auto_wt_scan_ws/install/px4_ros_com LD_LIBRARY_PATH=/home/bruno/auto_wt_scan_ws/install/px4_msgs/lib:/home/bruno/auto_wt_scan_ws/install/px4_ros_com/lib:/opt/ros/humble/opt/rviz_ogre_vendor/lib:/opt/ros/humble/lib/x86_64-linux-gnu:/opt/ros/humble/lib PYTHONPATH=/home/bruno/auto_wt_scan_ws/build/wind_turbine_detection/prefix_override:/home/bruno/auto_wt_scan_ws/install/wind_turbine_detection/lib/python3.10/site-packages:${PYTHONPATH} /usr/bin/python3 -W ignore:setup.py install is deprecated setup.py egg_info --egg-base ../../build/wind_turbine_detection build --build-base /home/bruno/auto_wt_scan_ws/build/wind_turbine_detection/build install --record /home/bruno/auto_wt_scan_ws/build/wind_turbine_detection/install.log --single-version-externally-managed install_data
[1.182s] DEBUG:colcon.colcon_core.event_handler.log_command:Invoking command in '/home/bruno/auto_wt_scan_ws/src/wind_turbine_inspection': CMAKE_PREFIX_PATH=/home/bruno/auto_wt_scan_ws/install/px4_msgs:/home/bruno/auto_wt_scan_ws/install/px4_ros_com LD_LIBRARY_PATH=/home/bruno/auto_wt_scan_ws/install/px4_msgs/lib:/home/bruno/auto_wt_scan_ws/install/px4_ros_com/lib:/opt/ros/humble/opt/rviz_ogre_vendor/lib:/opt/ros/humble/lib/x86_64-linux-gnu:/opt/ros/humble/lib PYTHONPATH=/home/bruno/auto_wt_scan_ws/build/wind_turbine_inspection/prefix_override:/home/bruno/auto_wt_scan_ws/install/wind_turbine_inspection/lib/python3.10/site-packages:${PYTHONPATH} /usr/bin/python3 -W ignore:setup.py install is deprecated setup.py egg_info --egg-base ../../build/wind_turbine_inspection build --build-base /home/bruno/auto_wt_scan_ws/build/wind_turbine_inspection/build install --record /home/bruno/auto_wt_scan_ws/build/wind_turbine_inspection/install.log --single-version-externally-managed install_data
[1.659s] DEBUG:colcon.colcon_core.event_handler.log_command:Invoked command in '/home/bruno/auto_wt_scan_ws/src/wind_turbine_detection' returned '0': CMAKE_PREFIX_PATH=/home/bruno/auto_wt_scan_ws/install/px4_msgs:/home/bruno/auto_wt_scan_ws/install/px4_ros_com LD_LIBRARY_PATH=/home/bruno/auto_wt_scan_ws/install/px4_msgs/lib:/home/bruno/auto_wt_scan_ws/install/px4_ros_com/lib:/opt/ros/humble/opt/rviz_ogre_vendor/lib:/opt/ros/humble/lib/x86_64-linux-gnu:/opt/ros/humble/lib PYTHONPATH=/home/bruno/auto_wt_scan_ws/build/wind_turbine_detection/prefix_override:/home/bruno/auto_wt_scan_ws/install/wind_turbine_detection/lib/python3.10/site-packages:${PYTHONPATH} /usr/bin/python3 -W ignore:setup.py install is deprecated setup.py egg_info --egg-base ../../build/wind_turbine_detection build --build-base /home/bruno/auto_wt_scan_ws/build/wind_turbine_detection/build install --record /home/bruno/auto_wt_scan_ws/build/wind_turbine_detection/install.log --single-version-externally-managed install_data
[1.661s] Level 1:colcon.colcon_core.environment:checking '/home/bruno/auto_wt_scan_ws/install/wind_turbine_detection' for CMake module files
[1.661s] Level 1:colcon.colcon_core.environment:checking '/home/bruno/auto_wt_scan_ws/install/wind_turbine_detection' for CMake config files
[1.662s] Level 1:colcon.colcon_core.environment:checking '/home/bruno/auto_wt_scan_ws/install/wind_turbine_detection/lib'
[1.662s] Level 1:colcon.colcon_core.environment:checking '/home/bruno/auto_wt_scan_ws/install/wind_turbine_detection/bin'
[1.662s] Level 1:colcon.colcon_core.environment:checking '/home/bruno/auto_wt_scan_ws/install/wind_turbine_detection/lib/pkgconfig/wind_turbine_detection.pc'
[1.662s] Level 1:colcon.colcon_core.environment:checking '/home/bruno/auto_wt_scan_ws/install/wind_turbine_detection/lib/python3.10/site-packages'
[1.662s] Level 1:colcon.colcon_core.shell:create_environment_hook('wind_turbine_detection', 'pythonpath')
[1.662s] INFO:colcon.colcon_core.shell:Creating environment hook '/home/bruno/auto_wt_scan_ws/install/wind_turbine_detection/share/wind_turbine_detection/hook/pythonpath.ps1'
[1.663s] INFO:colcon.colcon_core.shell:Creating environment descriptor '/home/bruno/auto_wt_scan_ws/install/wind_turbine_detection/share/wind_turbine_detection/hook/pythonpath.dsv'
[1.663s] INFO:colcon.colcon_core.shell:Creating environment hook '/home/bruno/auto_wt_scan_ws/install/wind_turbine_detection/share/wind_turbine_detection/hook/pythonpath.sh'
[1.663s] Level 1:colcon.colcon_core.environment:checking '/home/bruno/auto_wt_scan_ws/install/wind_turbine_detection/bin'
[1.663s] Level 1:colcon.colcon_core.environment:create_environment_scripts_only(wind_turbine_detection)
[1.664s] INFO:colcon.colcon_core.shell:Creating package script '/home/bruno/auto_wt_scan_ws/install/wind_turbine_detection/share/wind_turbine_detection/package.ps1'
[1.664s] INFO:colcon.colcon_core.shell:Creating package descriptor '/home/bruno/auto_wt_scan_ws/install/wind_turbine_detection/share/wind_turbine_detection/package.dsv'
[1.665s] INFO:colcon.colcon_core.shell:Creating package script '/home/bruno/auto_wt_scan_ws/install/wind_turbine_detection/share/wind_turbine_detection/package.sh'
[1.665s] INFO:colcon.colcon_core.shell:Creating package script '/home/bruno/auto_wt_scan_ws/install/wind_turbine_detection/share/wind_turbine_detection/package.bash'
[1.666s] INFO:colcon.colcon_core.shell:Creating package script '/home/bruno/auto_wt_scan_ws/install/wind_turbine_detection/share/wind_turbine_detection/package.zsh'
[1.666s] Level 1:colcon.colcon_core.environment:create_file_with_runtime_dependencies(/home/bruno/auto_wt_scan_ws/install/wind_turbine_detection/share/colcon-core/packages/wind_turbine_detection)
[1.669s] Level 1:colcon.colcon_core.environment:checking '/home/bruno/auto_wt_scan_ws/install/wind_turbine_inspection' for CMake module files
[1.670s] DEBUG:colcon.colcon_core.event_handler.log_command:Invoked command in '/home/bruno/auto_wt_scan_ws/src/wind_turbine_inspection' returned '0': CMAKE_PREFIX_PATH=/home/bruno/auto_wt_scan_ws/install/px4_msgs:/home/bruno/auto_wt_scan_ws/install/px4_ros_com LD_LIBRARY_PATH=/home/bruno/auto_wt_scan_ws/install/px4_msgs/lib:/home/bruno/auto_wt_scan_ws/install/px4_ros_com/lib:/opt/ros/humble/opt/rviz_ogre_vendor/lib:/opt/ros/humble/lib/x86_64-linux-gnu:/opt/ros/humble/lib PYTHONPATH=/home/bruno/auto_wt_scan_ws/build/wind_turbine_inspection/prefix_override:/home/bruno/auto_wt_scan_ws/install/wind_turbine_inspection/lib/python3.10/site-packages:${PYTHONPATH} /usr/bin/python3 -W ignore:setup.py install is deprecated setup.py egg_info --egg-base ../../build/wind_turbine_inspection build --build-base /home/bruno/auto_wt_scan_ws/build/wind_turbine_inspection/build install --record /home/bruno/auto_wt_scan_ws/build/wind_turbine_inspection/install.log --single-version-externally-managed install_data
[1.670s] Level 1:colcon.colcon_core.environment:checking '/home/bruno/auto_wt_scan_ws/install/wind_turbine_inspection' for CMake config files
[1.671s] Level 1:colcon.colcon_core.environment:checking '/home/bruno/auto_wt_scan_ws/install/wind_turbine_inspection/lib'
[1.671s] Level 1:colcon.colcon_core.environment:checking '/home/bruno/auto_wt_scan_ws/install/wind_turbine_inspection/bin'
[1.671s] Level 1:colcon.colcon_core.environment:checking '/home/bruno/auto_wt_scan_ws/install/wind_turbine_inspection/lib/pkgconfig/wind_turbine_inspection.pc'
[1.671s] Level 1:colcon.colcon_core.environment:checking '/home/bruno/auto_wt_scan_ws/install/wind_turbine_inspection/lib/python3.10/site-packages'
[1.671s] Level 1:colcon.colcon_core.shell:create_environment_hook('wind_turbine_inspection', 'pythonpath')
[1.672s] INFO:colcon.colcon_core.shell:Creating environment hook '/home/bruno/auto_wt_scan_ws/install/wind_turbine_inspection/share/wind_turbine_inspection/hook/pythonpath.ps1'
[1.672s] INFO:colcon.colcon_core.shell:Creating environment descriptor '/home/bruno/auto_wt_scan_ws/install/wind_turbine_inspection/share/wind_turbine_inspection/hook/pythonpath.dsv'
[1.672s] INFO:colcon.colcon_core.shell:Creating environment hook '/home/bruno/auto_wt_scan_ws/install/wind_turbine_inspection/share/wind_turbine_inspection/hook/pythonpath.sh'
[1.673s] Level 1:colcon.colcon_core.environment:checking '/home/bruno/auto_wt_scan_ws/install/wind_turbine_inspection/bin'
[1.673s] Level 1:colcon.colcon_core.environment:create_environment_scripts_only(wind_turbine_inspection)
[1.673s] INFO:colcon.colcon_core.shell:Creating package script '/home/bruno/auto_wt_scan_ws/install/wind_turbine_inspection/share/wind_turbine_inspection/package.ps1'
[1.674s] INFO:colcon.colcon_core.shell:Creating package descriptor '/home/bruno/auto_wt_scan_ws/install/wind_turbine_inspection/share/wind_turbine_inspection/package.dsv'
[1.674s] INFO:colcon.colcon_core.shell:Creating package script '/home/bruno/auto_wt_scan_ws/install/wind_turbine_inspection/share/wind_turbine_inspection/package.sh'
[1.674s] INFO:colcon.colcon_core.shell:Creating package script '/home/bruno/auto_wt_scan_ws/install/wind_turbine_inspection/share/wind_turbine_inspection/package.bash'
[1.675s] INFO:colcon.colcon_core.shell:Creating package script '/home/bruno/auto_wt_scan_ws/install/wind_turbine_inspection/share/wind_turbine_inspection/package.zsh'
[1.675s] Level 1:colcon.colcon_core.environment:create_file_with_runtime_dependencies(/home/bruno/auto_wt_scan_ws/install/wind_turbine_inspection/share/colcon-core/packages/wind_turbine_inspection)
[1.675s] DEBUG:colcon.colcon_parallel_executor.executor.parallel:closing loop
[1.675s] DEBUG:colcon.colcon_parallel_executor.executor.parallel:loop closed
[1.675s] DEBUG:colcon.colcon_parallel_executor.executor.parallel:run_until_complete finished with '0'
[1.675s] DEBUG:colcon.colcon_core.event_reactor:joining thread
[1.680s] INFO:colcon.colcon_core.plugin_system:Skipping extension 'colcon_notification.desktop_notification.terminal_notifier': Not used on non-Darwin systems
[1.681s] INFO:colcon.colcon_core.plugin_system:Skipping extension 'colcon_notification.desktop_notification.win32': Not used on non-Windows systems
[1.681s] INFO:colcon.colcon_notification.desktop_notification:Sending desktop notification using 'notify2'
[1.689s] DEBUG:colcon.colcon_core.event_reactor:joined thread
[1.689s] INFO:colcon.colcon_core.shell:Creating prefix script '/home/bruno/auto_wt_scan_ws/install/local_setup.ps1'
[1.690s] INFO:colcon.colcon_core.shell:Creating prefix util module '/home/bruno/auto_wt_scan_ws/install/_local_setup_util_ps1.py'
[1.690s] INFO:colcon.colcon_core.shell:Creating prefix chain script '/home/bruno/auto_wt_scan_ws/install/setup.ps1'
[1.691s] INFO:colcon.colcon_core.shell:Creating prefix script '/home/bruno/auto_wt_scan_ws/install/local_setup.sh'
[1.692s] INFO:colcon.colcon_core.shell:Creating prefix util module '/home/bruno/auto_wt_scan_ws/install/_local_setup_util_sh.py'
[1.692s] INFO:colcon.colcon_core.shell:Creating prefix chain script '/home/bruno/auto_wt_scan_ws/install/setup.sh'
[1.693s] INFO:colcon.colcon_core.shell:Creating prefix script '/home/bruno/auto_wt_scan_ws/install/local_setup.bash'
[1.693s] INFO:colcon.colcon_core.shell:Creating prefix chain script '/home/bruno/auto_wt_scan_ws/install/setup.bash'
[1.694s] INFO:colcon.colcon_core.shell:Creating prefix script '/home/bruno/auto_wt_scan_ws/install/local_setup.zsh'
[1.694s] INFO:colcon.colcon_core.shell:Creating prefix chain script '/home/bruno/auto_wt_scan_ws/install/setup.zsh'
