[0.914s] Invoking command in '/home/bruno/auto_wt_scan_ws/src/wind_turbine_inspection': PYTHONPATH=/home/bruno/auto_wt_scan_ws/build/wind_turbine_inspection/prefix_override:/home/bruno/auto_wt_scan_ws/install/wind_turbine_inspection/lib/python3.10/site-packages:${PYTHONPATH} /usr/bin/python3 -W ignore:setup.py install is deprecated setup.py egg_info --egg-base ../../build/wind_turbine_inspection build --build-base /home/bruno/auto_wt_scan_ws/build/wind_turbine_inspection/build install --record /home/bruno/auto_wt_scan_ws/build/wind_turbine_inspection/install.log --single-version-externally-managed install_data
[1.125s] running egg_info
[1.126s] creating ../../build/wind_turbine_inspection/wind_turbine_inspection.egg-info
[1.139s] writing ../../build/wind_turbine_inspection/wind_turbine_inspection.egg-info/PKG-INFO
[1.139s] writing dependency_links to ../../build/wind_turbine_inspection/wind_turbine_inspection.egg-info/dependency_links.txt
[1.140s] writing requirements to ../../build/wind_turbine_inspection/wind_turbine_inspection.egg-info/requires.txt
[1.140s] writing top-level names to ../../build/wind_turbine_inspection/wind_turbine_inspection.egg-info/top_level.txt
[1.140s] writing manifest file '../../build/wind_turbine_inspection/wind_turbine_inspection.egg-info/SOURCES.txt'
[1.169s] reading manifest file '../../build/wind_turbine_inspection/wind_turbine_inspection.egg-info/SOURCES.txt'
[1.169s] adding license file 'LICENSE'
[1.169s] writing manifest file '../../build/wind_turbine_inspection/wind_turbine_inspection.egg-info/SOURCES.txt'
[1.170s] running build
[1.170s] running build_py
[1.170s] creating /home/bruno/auto_wt_scan_ws/build/wind_turbine_inspection/build
[1.170s] creating /home/bruno/auto_wt_scan_ws/build/wind_turbine_inspection/build/lib
[1.170s] creating /home/bruno/auto_wt_scan_ws/build/wind_turbine_inspection/build/lib/wind_turbine_inspection
[1.170s] copying wind_turbine_inspection/KeyPressModule.py -> /home/bruno/auto_wt_scan_ws/build/wind_turbine_inspection/build/lib/wind_turbine_inspection
[1.170s] copying wind_turbine_inspection/visualizer.py -> /home/bruno/auto_wt_scan_ws/build/wind_turbine_inspection/build/lib/wind_turbine_inspection
[1.170s] copying wind_turbine_inspection/__init__.py -> /home/bruno/auto_wt_scan_ws/build/wind_turbine_inspection/build/lib/wind_turbine_inspection
[1.170s] copying wind_turbine_inspection/velocity_control.py -> /home/bruno/auto_wt_scan_ws/build/wind_turbine_inspection/build/lib/wind_turbine_inspection
[1.170s] copying wind_turbine_inspection/keyboard-mavsdk-test.py -> /home/bruno/auto_wt_scan_ws/build/wind_turbine_inspection/build/lib/wind_turbine_inspection
[1.170s] copying wind_turbine_inspection/control.py -> /home/bruno/auto_wt_scan_ws/build/wind_turbine_inspection/build/lib/wind_turbine_inspection
[1.171s] copying wind_turbine_inspection/processes.py -> /home/bruno/auto_wt_scan_ws/build/wind_turbine_inspection/build/lib/wind_turbine_inspection
[1.171s] running install
[1.175s] running install_lib
[1.189s] creating /home/bruno/auto_wt_scan_ws/install/wind_turbine_inspection/lib/python3.10/site-packages/wind_turbine_inspection
[1.189s] copying /home/bruno/auto_wt_scan_ws/build/wind_turbine_inspection/build/lib/wind_turbine_inspection/KeyPressModule.py -> /home/bruno/auto_wt_scan_ws/install/wind_turbine_inspection/lib/python3.10/site-packages/wind_turbine_inspection
[1.189s] copying /home/bruno/auto_wt_scan_ws/build/wind_turbine_inspection/build/lib/wind_turbine_inspection/visualizer.py -> /home/bruno/auto_wt_scan_ws/install/wind_turbine_inspection/lib/python3.10/site-packages/wind_turbine_inspection
[1.189s] copying /home/bruno/auto_wt_scan_ws/build/wind_turbine_inspection/build/lib/wind_turbine_inspection/__init__.py -> /home/bruno/auto_wt_scan_ws/install/wind_turbine_inspection/lib/python3.10/site-packages/wind_turbine_inspection
[1.190s] copying /home/bruno/auto_wt_scan_ws/build/wind_turbine_inspection/build/lib/wind_turbine_inspection/velocity_control.py -> /home/bruno/auto_wt_scan_ws/install/wind_turbine_inspection/lib/python3.10/site-packages/wind_turbine_inspection
[1.190s] copying /home/bruno/auto_wt_scan_ws/build/wind_turbine_inspection/build/lib/wind_turbine_inspection/keyboard-mavsdk-test.py -> /home/bruno/auto_wt_scan_ws/install/wind_turbine_inspection/lib/python3.10/site-packages/wind_turbine_inspection
[1.190s] copying /home/bruno/auto_wt_scan_ws/build/wind_turbine_inspection/build/lib/wind_turbine_inspection/control.py -> /home/bruno/auto_wt_scan_ws/install/wind_turbine_inspection/lib/python3.10/site-packages/wind_turbine_inspection
[1.190s] copying /home/bruno/auto_wt_scan_ws/build/wind_turbine_inspection/build/lib/wind_turbine_inspection/processes.py -> /home/bruno/auto_wt_scan_ws/install/wind_turbine_inspection/lib/python3.10/site-packages/wind_turbine_inspection
[1.190s] byte-compiling /home/bruno/auto_wt_scan_ws/install/wind_turbine_inspection/lib/python3.10/site-packages/wind_turbine_inspection/KeyPressModule.py to KeyPressModule.cpython-310.pyc
[1.190s] byte-compiling /home/bruno/auto_wt_scan_ws/install/wind_turbine_inspection/lib/python3.10/site-packages/wind_turbine_inspection/visualizer.py to visualizer.cpython-310.pyc
[1.191s] byte-compiling /home/bruno/auto_wt_scan_ws/install/wind_turbine_inspection/lib/python3.10/site-packages/wind_turbine_inspection/__init__.py to __init__.cpython-310.pyc
[1.191s] byte-compiling /home/bruno/auto_wt_scan_ws/install/wind_turbine_inspection/lib/python3.10/site-packages/wind_turbine_inspection/velocity_control.py to velocity_control.cpython-310.pyc
[1.192s] byte-compiling /home/bruno/auto_wt_scan_ws/install/wind_turbine_inspection/lib/python3.10/site-packages/wind_turbine_inspection/keyboard-mavsdk-test.py to keyboard-mavsdk-test.cpython-310.pyc
[1.192s] byte-compiling /home/bruno/auto_wt_scan_ws/install/wind_turbine_inspection/lib/python3.10/site-packages/wind_turbine_inspection/control.py to control.cpython-310.pyc
[1.193s] byte-compiling /home/bruno/auto_wt_scan_ws/install/wind_turbine_inspection/lib/python3.10/site-packages/wind_turbine_inspection/processes.py to processes.cpython-310.pyc
[1.193s] running install_data
[1.193s] creating /home/bruno/auto_wt_scan_ws/install/wind_turbine_inspection/share/ament_index
[1.193s] creating /home/bruno/auto_wt_scan_ws/install/wind_turbine_inspection/share/ament_index/resource_index
[1.194s] creating /home/bruno/auto_wt_scan_ws/install/wind_turbine_inspection/share/ament_index/resource_index/packages
[1.194s] copying resource/wind_turbine_inspection -> /home/bruno/auto_wt_scan_ws/install/wind_turbine_inspection/share/ament_index/resource_index/packages
[1.194s] copying package.xml -> /home/bruno/auto_wt_scan_ws/install/wind_turbine_inspection/share/wind_turbine_inspection
[1.194s] running install_egg_info
[1.208s] Copying ../../build/wind_turbine_inspection/wind_turbine_inspection.egg-info to /home/bruno/auto_wt_scan_ws/install/wind_turbine_inspection/lib/python3.10/site-packages/wind_turbine_inspection-0.0.0-py3.10.egg-info
[1.209s] running install_scripts
[1.330s] writing list of installed files to '/home/bruno/auto_wt_scan_ws/build/wind_turbine_inspection/install.log'
