[0.899s] Invoking command in '/home/bruno/auto_wt_scan_ws/src/wind_turbine_detection': PYTHONPATH=/home/bruno/auto_wt_scan_ws/build/wind_turbine_detection/prefix_override:/home/bruno/auto_wt_scan_ws/install/wind_turbine_detection/lib/python3.10/site-packages:${PYTHONPATH} /usr/bin/python3 -W ignore:setup.py install is deprecated setup.py egg_info --egg-base ../../build/wind_turbine_detection build --build-base /home/bruno/auto_wt_scan_ws/build/wind_turbine_detection/build install --record /home/bruno/auto_wt_scan_ws/build/wind_turbine_detection/install.log --single-version-externally-managed install_data
[1.106s] running egg_info
[1.119s] writing ../../build/wind_turbine_detection/wind_turbine_detection.egg-info/PKG-INFO
[1.120s] writing dependency_links to ../../build/wind_turbine_detection/wind_turbine_detection.egg-info/dependency_links.txt
[1.120s] writing entry points to ../../build/wind_turbine_detection/wind_turbine_detection.egg-info/entry_points.txt
[1.120s] writing requirements to ../../build/wind_turbine_detection/wind_turbine_detection.egg-info/requires.txt
[1.120s] writing top-level names to ../../build/wind_turbine_detection/wind_turbine_detection.egg-info/top_level.txt
[1.149s] reading manifest file '../../build/wind_turbine_detection/wind_turbine_detection.egg-info/SOURCES.txt'
[1.149s] adding license file 'LICENSE'
[1.150s] writing manifest file '../../build/wind_turbine_detection/wind_turbine_detection.egg-info/SOURCES.txt'
[1.150s] running build
[1.150s] running build_py
[1.150s] creating /home/bruno/auto_wt_scan_ws/build/wind_turbine_detection/build
[1.150s] creating /home/bruno/auto_wt_scan_ws/build/wind_turbine_detection/build/lib
[1.151s] creating /home/bruno/auto_wt_scan_ws/build/wind_turbine_detection/build/lib/wind_turbine_detection
[1.151s] copying wind_turbine_detection/__init__.py -> /home/bruno/auto_wt_scan_ws/build/wind_turbine_detection/build/lib/wind_turbine_detection
[1.151s] copying wind_turbine_detection/image_subscriber.py -> /home/bruno/auto_wt_scan_ws/build/wind_turbine_detection/build/lib/wind_turbine_detection
[1.151s] copying wind_turbine_detection/__init__.py -> /home/bruno/auto_wt_scan_ws/build/wind_turbine_detection/build/lib/wind_turbine_detection
[1.151s] copying wind_turbine_detection/image_subscriber.py -> /home/bruno/auto_wt_scan_ws/build/wind_turbine_detection/build/lib/wind_turbine_detection
[1.151s] running install
[1.157s] running install_lib
[1.171s] creating /home/bruno/auto_wt_scan_ws/install/wind_turbine_detection/lib/python3.10/site-packages/wind_turbine_detection
[1.171s] copying /home/bruno/auto_wt_scan_ws/build/wind_turbine_detection/build/lib/wind_turbine_detection/__init__.py -> /home/bruno/auto_wt_scan_ws/install/wind_turbine_detection/lib/python3.10/site-packages/wind_turbine_detection
[1.171s] copying /home/bruno/auto_wt_scan_ws/build/wind_turbine_detection/build/lib/wind_turbine_detection/image_subscriber.py -> /home/bruno/auto_wt_scan_ws/install/wind_turbine_detection/lib/python3.10/site-packages/wind_turbine_detection
[1.172s] byte-compiling /home/bruno/auto_wt_scan_ws/install/wind_turbine_detection/lib/python3.10/site-packages/wind_turbine_detection/__init__.py to __init__.cpython-310.pyc
[1.172s] byte-compiling /home/bruno/auto_wt_scan_ws/install/wind_turbine_detection/lib/python3.10/site-packages/wind_turbine_detection/image_subscriber.py to image_subscriber.cpython-310.pyc
[1.172s] running install_data
[1.173s] creating /home/bruno/auto_wt_scan_ws/install/wind_turbine_detection/share/ament_index
[1.173s] creating /home/bruno/auto_wt_scan_ws/install/wind_turbine_detection/share/ament_index/resource_index
[1.173s] creating /home/bruno/auto_wt_scan_ws/install/wind_turbine_detection/share/ament_index/resource_index/packages
[1.173s] copying resource/wind_turbine_detection -> /home/bruno/auto_wt_scan_ws/install/wind_turbine_detection/share/ament_index/resource_index/packages
[1.173s] copying package.xml -> /home/bruno/auto_wt_scan_ws/install/wind_turbine_detection/share/wind_turbine_detection
[1.173s] running install_egg_info
[1.188s] Copying ../../build/wind_turbine_detection/wind_turbine_detection.egg-info to /home/bruno/auto_wt_scan_ws/install/wind_turbine_detection/lib/python3.10/site-packages/wind_turbine_detection-0.0.0-py3.10.egg-info
[1.189s] running install_scripts
[1.310s] Installing image_subscriber script to /home/bruno/auto_wt_scan_ws/install/wind_turbine_detection/lib/wind_turbine_detection
[1.310s] writing list of installed files to '/home/bruno/auto_wt_scan_ws/build/wind_turbine_detection/install.log'
[1.337s] Invoked command in '/home/bruno/auto_wt_scan_ws/src/wind_turbine_detection' returned '0': PYTHONPATH=/home/bruno/auto_wt_scan_ws/build/wind_turbine_detection/prefix_override:/home/bruno/auto_wt_scan_ws/install/wind_turbine_detection/lib/python3.10/site-packages:${PYTHONPATH} /usr/bin/python3 -W ignore:setup.py install is deprecated setup.py egg_info --egg-base ../../build/wind_turbine_detection build --build-base /home/bruno/auto_wt_scan_ws/build/wind_turbine_detection/build install --record /home/bruno/auto_wt_scan_ws/build/wind_turbine_detection/install.log --single-version-externally-managed install_data
